Microsoft (R) Macro Assembler Version 14.14.26429.4	    07/01/18 15:47:27
MASMorra.asm						     Page 1 - 1


				INCLUDE Irvine32.inc
			      C ; Include file for Irvine32.lib             (Irvine32.inc)
			      C 
			      C ;OPTION CASEMAP:NONE		; optional: make identifiers case-sensitive
			      C 
			      C INCLUDE SmallWin.inc		; MS-Windows prototypes, structures, and constants
			      C .NOLIST
			      C .LIST
			      C 
			      C INCLUDE VirtualKeys.inc
			      C ; VirtualKeys.inc
			      C .NOLIST
			      C .LIST
			      C 
			      C 
			      C .NOLIST
			      C .LIST
			      C 

				;// -------------------------------------------------------------------------
				;//  DEFINIÇÃO DE CONSTANTES
				;// -------------------------------------------------------------------------
 = 00000050			COLS = 80            ;// Colunas do jogo
 = 00000019			ROWS = 25            ;// Linhas do jogo
 = 0000004E			MAPCOLS = (COLS - 2) ;// Colunas do mapa
 = 00000014			MAPROWS = (ROWS - 5) ;// Linhas do mapa
 = 00000005			MENUQNT = 5			 ;// Quantas opções tem o menu

				;// -------------------------------------------------------------------------
				;//  DEFINIÇÃO DE VARIÁVEIS
				;// -------------------------------------------------------------------------
 00000000			.data
				;// -------------------------------------------------------------------------
				;//  VARIÁVEIS: TELA
				;// -------------------------------------------------------------------------
 00000000 50			xMax BYTE COLS      ;// número maximo de colunas
 00000001 19			yMax BYTE ROWS      ;// númer maximo de linhas

				;// -------------------------------------------------------------------------
				;//  VARIÁVEIS: CONTROLE E EXIBIÇÃO DO MAPA
				;// -------------------------------------------------------------------------
 00000002  00000618 [		Map BYTE MAPCOLS*MAPROWS Dup(?)	;// vetor de (colunas*linhas) posições. 
	    00
	   ]
 0000061A 0000			posHeroi WORD 0						;// Posição atual do heroi
 0000061C E9			HeroiChar BYTE 233
 0000061D 0000			posEscada WORD 0
 0000061F F0			EscadaChar BYTE 240
 00000620 B2			paredeChar BYTE 178
 00000621 20			vazioChar  BYTE ' '

				;// -------------------------------------------------------------------------
				;//  VARIÁVEIS: CONTROLE E EXIBIÇÃO DE VARIÁVEIS DO JOGO
				;// -------------------------------------------------------------------------
 00000622 00			Level BYTE 0   ;// Nível atual
 00000623 00			inStairs DB 0  ;// Indica se o jogador se encontra na escada
 00000624 4C 45 56 45 4C	strLevel DB 'LEVEL: ',0
	   3A 20 00
 0000062C 0A			Health BYTE 10
 0000062D 48 45 41 4C 54	strHealth DB 'HEALTH: ',0
	   48 3A 20 00
 00000636 02			Attack BYTE 2
 00000637 41 54 54 41 43	strAttack DB 'ATTACK: ',0
	   4B 3A 20 00
 00000640 00			Gold BYTE 0
 00000641 47 4F 4C 44 3A	strGold DB 'GOLD: ',0
	   20 00

				;// -------------------------------------------------------------------------
				;//  VARIÁVEIS: GERAÇÃO DE MAPAS
				;// -------------------------------------------------------------------------
 00000648 0000			emptyCells WORD 0
 0000064A 0000			emptyGoal WORD 0
 0000064C 00			direction BYTE 0    ;// Direção do corredor [0-Norte, 1-Leste, 2-Sul, 3-Oeste]
 0000064D 0000			pos WORD 0          ;// Ponteiro para a posição atual no mapa (0 - 1559)
 0000064F 00			passos BYTE 0       ;// Numero de passos que sao dados na geração do mapa

				;// -------------------------------------------------------------------------
				;//  VARIÁVEIS: CONTROLE DO TERMINAL
				;// -------------------------------------------------------------------------
 00000650 00000000		cci CONSOLE_CURSOR_INFO <>
	   00000000
 00000658 00000000		StdOut HANDLE ?
 0000065C 4D 41 53 4D 6F	ctitle DB 'MASMorra', 0 ;// Título da janela do terminal
	   72 72 61 00

				;// -------------------------------------------------------------------------
				;//  VARIÁVEIS: TELAS DO MENU
				;// -------------------------------------------------------------------------

				;// -------------------------------------------------------------------------
				;//  TELAS DO MENU: MENU PRINCIPAL
				;// -------------------------------------------------------------------------
 00000665 0D 0A			telaMenu	DB 13, 10
 00000667  20 20 20 20 20				DB '           __  ___  ___    ____  __  ___', 13, 10
	   20 20 20 20 20
	   20 5F 5F 20 20
	   5F 5F 5F 20 20
	   5F 5F 5F 20 20
	   20 20 5F 5F 5F
	   5F 20 20 5F 5F
	   20 20 5F 5F 5F
	   0D 0A
 00000691  20 20 20 20 20				DB '          /  |/  / / _ |  / __/ /  |/  / ___   ____  ____ ___ _', 13, 10
	   20 20 20 20 20
	   2F 20 20 7C 2F
	   20 20 2F 20 2F
	   20 5F 20 7C 20
	   20 2F 20 5F 5F
	   2F 20 2F 20 20
	   7C 2F 20 20 2F
	   20 5F 5F 5F 20
	   20 20 5F 5F 5F
	   5F 20 20 5F 5F
	   5F 5F 20 5F 5F
	   5F 20 5F 0D 0A
 000006D2  20 20 20 20 20				DB '         / /|_/ / / __ | _\ \  / /|_/ / / _ \ / __/ / __// _ `/', 13, 10
	   20 20 20 20 2F
	   20 2F 7C 5F 2F
	   20 2F 20 2F 20
	   5F 5F 20 7C 20
	   5F 5C 20 5C 20
	   20 2F 20 2F 7C
	   5F 2F 20 2F 20
	   2F 20 5F 20 5C
	   20 2F 20 5F 5F
	   2F 20 2F 20 5F
	   5F 2F 2F 20 5F
	   20 60 2F 0D 0A
 00000713  20 20 20 20 20				DB '        /_/  /_/ /_/ |_|/___/ /_/  /_/  \___//_/   /_/   \_,_/', 13, 10, 13, 10, 13, 10
	   20 20 20 2F 5F
	   2F 20 20 2F 5F
	   2F 20 2F 5F 2F
	   20 7C 5F 7C 2F
	   5F 5F 5F 2F 20
	   2F 5F 2F 20 20
	   2F 5F 2F 20 20
	   5C 5F 5F 5F 2F
	   2F 5F 2F 20 20
	   20 2F 5F 2F 20
	   20 20 5C 5F 2C
	   5F 2F 0D 0A 0D
	   0A 0D 0A
 00000757  20 20 20 20 20				DB '                         ____________________ ', 13, 10
	   20 20 20 20 20
	   20 20 20 20 20
	   20 20 20 20 20
	   20 20 20 20 20
	   5F 5F 5F 5F 5F
	   5F 5F 5F 5F 5F
	   5F 5F 5F 5F 5F
	   5F 5F 5F 5F 5F
	   20 0D 0A
 00000787  20 20 20 20 20				DB '                       / \                   \ ', 13, 10
	   20 20 20 20 20
	   20 20 20 20 20
	   20 20 20 20 20
	   20 20 20 2F 20
	   5C 20 20 20 20
	   20 20 20 20 20
	   20 20 20 20 20
	   20 20 20 20 20
	   5C 20 0D 0A
 000007B8  20 20 20 20 20				DB '                      |  \|    NOVO JOGO     |', 13, 10
	   20 20 20 20 20
	   20 20 20 20 20
	   20 20 20 20 20
	   20 20 7C 20 20
	   5C 7C 20 20 20
	   20 4E 4F 56 4F
	   20 4A 4F 47 4F
	   20 20 20 20 20
	   7C 0D 0A
 000007E8  20 20 20 20 20				DB '                       \_||    CONQUISTAS    |', 13, 10
	   20 20 20 20 20
	   20 20 20 20 20
	   20 20 20 20 20
	   20 20 20 5C 5F
	   7C 7C 20 20 20
	   20 43 4F 4E 51
	   55 49 53 54 41
	   53 20 20 20 20
	   7C 0D 0A
 00000818  20 20 20 20 20				DB '                          |    AJUDA         |', 13, 10
	   20 20 20 20 20
	   20 20 20 20 20
	   20 20 20 20 20
	   20 20 20 20 20
	   20 7C 20 20 20
	   20 41 4A 55 44
	   41 20 20 20 20
	   20 20 20 20 20
	   7C 0D 0A
 00000848  20 20 20 20 20				DB '                          |    CONFIGURACOES |', 13, 10
	   20 20 20 20 20
	   20 20 20 20 20
	   20 20 20 20 20
	   20 20 20 20 20
	   20 7C 20 20 20
	   20 43 4F 4E 46
	   49 47 55 52 41
	   43 4F 45 53 20
	   7C 0D 0A
 00000878  20 20 20 20 20				DB '                          |    SAIR          |', 13, 10
	   20 20 20 20 20
	   20 20 20 20 20
	   20 20 20 20 20
	   20 20 20 20 20
	   20 7C 20 20 20
	   20 53 41 49 52
	   20 20 20 20 20
	   20 20 20 20 20
	   7C 0D 0A
 000008A8  20 20 20 20 20				DB '                          |  ________________|__', 13, 10
	   20 20 20 20 20
	   20 20 20 20 20
	   20 20 20 20 20
	   20 20 20 20 20
	   20 7C 20 20 5F
	   5F 5F 5F 5F 5F
	   5F 5F 5F 5F 5F
	   5F 5F 5F 5F 5F
	   7C 5F 5F 0D 0A
 000008DA  20 20 20 20 20				DB '                          \_/__________________/', 13, 10, 0
	   20 20 20 20 20
	   20 20 20 20 20
	   20 20 20 20 20
	   20 20 20 20 20
	   20 5C 5F 2F 5F
	   5F 5F 5F 5F 5F
	   5F 5F 5F 5F 5F
	   5F 5F 5F 5F 5F
	   5F 5F 2F 0D 0A
	   00

				;// -------------------------------------------------------------------------
				;//  TELAS DO MENU: CONQUISTAS
				;// -------------------------------------------------------------------------
 0000090D 20 C9			telaConqs	DB 32, 201, 77 DUP(205), 187, 13, 10
	   0000004D [
	    CD
	   ] BB 0D 0A
 0000095F  20 BA 20 20 20				DB 32, 186, '                                  CONQUISTAS                                 ', 186, 13, 10
	   20 20 20 20 20
	   20 20 20 20 20
	   20 20 20 20 20
	   20 20 20 20 20
	   20 20 20 20 20
	   20 20 20 20 20
	   20 43 4F 4E 51
	   55 49 53 54 41
	   53 20 20 20 20
	   20 20 20 20 20
	   20 20 20 20 20
	   20 20 20 20 20
	   20 20 20 20 20
	   20 20 20 20 20
	   20 20 20 20 BA
	   0D 0A
 000009B1  20 BA 20 62 6C				DB 32, 186, ' blablablablablablablablablablablablablablablablablablablablablablablablabla ', 186, 13, 10
	   61 62 6C 61 62
	   6C 61 62 6C 61
	   62 6C 61 62 6C
	   61 62 6C 61 62
	   6C 61 62 6C 61
	   62 6C 61 62 6C
	   61 62 6C 61 62
	   6C 61 62 6C 61
	   62 6C 61 62 6C
	   61 62 6C 61 62
	   6C 61 62 6C 61
	   62 6C 61 62 6C
	   61 62 6C 61 62
	   6C 61 62 6C 61
	   62 6C 61 20 BA
	   0D 0A
 00000A03  20 BA 20 62 6C				DB 32, 186, ' blablablablablablablablablablablablablablablablablablablablablablablablabla ', 186, 13, 10
	   61 62 6C 61 62
	   6C 61 62 6C 61
	   62 6C 61 62 6C
	   61 62 6C 61 62
	   6C 61 62 6C 61
	   62 6C 61 62 6C
	   61 62 6C 61 62
	   6C 61 62 6C 61
	   62 6C 61 62 6C
	   61 62 6C 61 62
	   6C 61 62 6C 61
	   62 6C 61 62 6C
	   61 62 6C 61 62
	   6C 61 62 6C 61
	   62 6C 61 20 BA
	   0D 0A
 00000A55  20 BA 20 62 6C				DB 32, 186, ' blablablablablablablablablablablablablablablablablablablablablablablablabla ', 186, 13, 10
	   61 62 6C 61 62
	   6C 61 62 6C 61
	   62 6C 61 62 6C
	   61 62 6C 61 62
	   6C 61 62 6C 61
	   62 6C 61 62 6C
	   61 62 6C 61 62
	   6C 61 62 6C 61
	   62 6C 61 62 6C
	   61 62 6C 61 62
	   6C 61 62 6C 61
	   62 6C 61 62 6C
	   61 62 6C 61 62
	   6C 61 62 6C 61
	   62 6C 61 20 BA
	   0D 0A
 00000AA7  20 BA 20 62 6C				DB 32, 186, ' blablablablablablablablablablablablablablablablablablablablablablablablabla ', 186, 13, 10
	   61 62 6C 61 62
	   6C 61 62 6C 61
	   62 6C 61 62 6C
	   61 62 6C 61 62
	   6C 61 62 6C 61
	   62 6C 61 62 6C
	   61 62 6C 61 62
	   6C 61 62 6C 61
	   62 6C 61 62 6C
	   61 62 6C 61 62
	   6C 61 62 6C 61
	   62 6C 61 62 6C
	   61 62 6C 61 62
	   6C 61 62 6C 61
	   62 6C 61 20 BA
	   0D 0A
 00000AF9  20 BA 20 62 6C				DB 32, 186, ' blablablablablablablablablablablablablablablablablablablablablablablablabla ', 186, 13, 10
	   61 62 6C 61 62
	   6C 61 62 6C 61
	   62 6C 61 62 6C
	   61 62 6C 61 62
	   6C 61 62 6C 61
	   62 6C 61 62 6C
	   61 62 6C 61 62
	   6C 61 62 6C 61
	   62 6C 61 62 6C
	   61 62 6C 61 62
	   6C 61 62 6C 61
	   62 6C 61 62 6C
	   61 62 6C 61 62
	   6C 61 62 6C 61
	   62 6C 61 20 BA
	   0D 0A
 00000B4B  20 BA 20 62 6C				DB 32, 186, ' blablablablablablablablablablablablablablablablablablablablablablablablabla ', 186, 13, 10
	   61 62 6C 61 62
	   6C 61 62 6C 61
	   62 6C 61 62 6C
	   61 62 6C 61 62
	   6C 61 62 6C 61
	   62 6C 61 62 6C
	   61 62 6C 61 62
	   6C 61 62 6C 61
	   62 6C 61 62 6C
	   61 62 6C 61 62
	   6C 61 62 6C 61
	   62 6C 61 62 6C
	   61 62 6C 61 62
	   6C 61 62 6C 61
	   62 6C 61 20 BA
	   0D 0A
 00000B9D  20 BA 20 62 6C				DB 32, 186, ' blablablablabla.                                                            ', 186, 13, 10
	   61 62 6C 61 62
	   6C 61 62 6C 61
	   62 6C 61 2E 20
	   20 20 20 20 20
	   20 20 20 20 20
	   20 20 20 20 20
	   20 20 20 20 20
	   20 20 20 20 20
	   20 20 20 20 20
	   20 20 20 20 20
	   20 20 20 20 20
	   20 20 20 20 20
	   20 20 20 20 20
	   20 20 20 20 20
	   20 20 20 20 BA
	   0D 0A
 00000BEF  20 BA 20 20 20				DB 32, 186, '                                                                             ', 186, 13, 10
	   20 20 20 20 20
	   20 20 20 20 20
	   20 20 20 20 20
	   20 20 20 20 20
	   20 20 20 20 20
	   20 20 20 20 20
	   20 20 20 20 20
	   20 20 20 20 20
	   20 20 20 20 20
	   20 20 20 20 20
	   20 20 20 20 20
	   20 20 20 20 20
	   20 20 20 20 20
	   20 20 20 20 20
	   20 20 20 20 BA
	   0D 0A
 00000C41  20 BA 20 20 20				DB 32, 186, '                                                                             ', 186, 13, 10
	   20 20 20 20 20
	   20 20 20 20 20
	   20 20 20 20 20
	   20 20 20 20 20
	   20 20 20 20 20
	   20 20 20 20 20
	   20 20 20 20 20
	   20 20 20 20 20
	   20 20 20 20 20
	   20 20 20 20 20
	   20 20 20 20 20
	   20 20 20 20 20
	   20 20 20 20 20
	   20 20 20 20 20
	   20 20 20 20 BA
	   0D 0A
 00000C93  20 BA 20 20 20				DB 32, 186, '                                                                             ', 186, 13, 10
	   20 20 20 20 20
	   20 20 20 20 20
	   20 20 20 20 20
	   20 20 20 20 20
	   20 20 20 20 20
	   20 20 20 20 20
	   20 20 20 20 20
	   20 20 20 20 20
	   20 20 20 20 20
	   20 20 20 20 20
	   20 20 20 20 20
	   20 20 20 20 20
	   20 20 20 20 20
	   20 20 20 20 20
	   20 20 20 20 BA
	   0D 0A
 00000CE5  20 BA 20 20 20				DB 32, 186, '                                                                             ', 186, 13, 10
	   20 20 20 20 20
	   20 20 20 20 20
	   20 20 20 20 20
	   20 20 20 20 20
	   20 20 20 20 20
	   20 20 20 20 20
	   20 20 20 20 20
	   20 20 20 20 20
	   20 20 20 20 20
	   20 20 20 20 20
	   20 20 20 20 20
	   20 20 20 20 20
	   20 20 20 20 20
	   20 20 20 20 20
	   20 20 20 20 BA
	   0D 0A
 00000D37  20 BA 20 20 20				DB 32, 186, '                                                                             ', 186, 13, 10
	   20 20 20 20 20
	   20 20 20 20 20
	   20 20 20 20 20
	   20 20 20 20 20
	   20 20 20 20 20
	   20 20 20 20 20
	   20 20 20 20 20
	   20 20 20 20 20
	   20 20 20 20 20
	   20 20 20 20 20
	   20 20 20 20 20
	   20 20 20 20 20
	   20 20 20 20 20
	   20 20 20 20 20
	   20 20 20 20 BA
	   0D 0A
 00000D89  20 BA 20 20 20				DB 32, 186, '                    Pressione qualquer tecla para voltar                     ', 186, 13, 10
	   20 20 20 20 20
	   20 20 20 20 20
	   20 20 20 20 20
	   20 20 50 72 65
	   73 73 69 6F 6E
	   65 20 71 75 61
	   6C 71 75 65 72
	   20 74 65 63 6C
	   61 20 70 61 72
	   61 20 76 6F 6C
	   74 61 72 20 20
	   20 20 20 20 20
	   20 20 20 20 20
	   20 20 20 20 20
	   20 20 20 20 BA
	   0D 0A
 00000DDB  20 C8					DB 32, 200, 77 DUP(205), 188, 13, 10, 0
	   0000004D [
	    CD
	   ] BC 0D 0A 00

				;// -------------------------------------------------------------------------
				;//  TELAS DO MENU: AJUDA
				;// -------------------------------------------------------------------------
 00000E2E 20 C9			telaAjuda	DB 32, 201, 77 DUP(205), 187, 13, 10
	   0000004D [
	    CD
	   ] BB 0D 0A
 00000E80  20 BA 20 20 20				DB 32, 186, '                                    AJUDA                                    ', 186, 13, 10
	   20 20 20 20 20
	   20 20 20 20 20
	   20 20 20 20 20
	   20 20 20 20 20
	   20 20 20 20 20
	   20 20 20 20 20
	   20 20 20 41 4A
	   55 44 41 20 20
	   20 20 20 20 20
	   20 20 20 20 20
	   20 20 20 20 20
	   20 20 20 20 20
	   20 20 20 20 20
	   20 20 20 20 20
	   20 20 20 20 BA
	   0D 0A
 00000ED2  20 BA 20 62 6C				DB 32, 186, ' blablablablablablablablablablablablablablablablablablablablablablablablabla ', 186, 13, 10
	   61 62 6C 61 62
	   6C 61 62 6C 61
	   62 6C 61 62 6C
	   61 62 6C 61 62
	   6C 61 62 6C 61
	   62 6C 61 62 6C
	   61 62 6C 61 62
	   6C 61 62 6C 61
	   62 6C 61 62 6C
	   61 62 6C 61 62
	   6C 61 62 6C 61
	   62 6C 61 62 6C
	   61 62 6C 61 62
	   6C 61 62 6C 61
	   62 6C 61 20 BA
	   0D 0A
 00000F24  20 BA 20 62 6C				DB 32, 186, ' blablablablablablablablablablablablablablablablablablablablablablablablabla ', 186, 13, 10
	   61 62 6C 61 62
	   6C 61 62 6C 61
	   62 6C 61 62 6C
	   61 62 6C 61 62
	   6C 61 62 6C 61
	   62 6C 61 62 6C
	   61 62 6C 61 62
	   6C 61 62 6C 61
	   62 6C 61 62 6C
	   61 62 6C 61 62
	   6C 61 62 6C 61
	   62 6C 61 62 6C
	   61 62 6C 61 62
	   6C 61 62 6C 61
	   62 6C 61 20 BA
	   0D 0A
 00000F76  20 BA 20 62 6C				DB 32, 186, ' blablablablablablablablablablablablablablablablablablablablablablablablabla ', 186, 13, 10
	   61 62 6C 61 62
	   6C 61 62 6C 61
	   62 6C 61 62 6C
	   61 62 6C 61 62
	   6C 61 62 6C 61
	   62 6C 61 62 6C
	   61 62 6C 61 62
	   6C 61 62 6C 61
	   62 6C 61 62 6C
	   61 62 6C 61 62
	   6C 61 62 6C 61
	   62 6C 61 62 6C
	   61 62 6C 61 62
	   6C 61 62 6C 61
	   62 6C 61 20 BA
	   0D 0A
 00000FC8  20 BA 20 62 6C				DB 32, 186, ' blablablablablablablablablablablablablablablablablablablablablablablablabla ', 186, 13, 10
	   61 62 6C 61 62
	   6C 61 62 6C 61
	   62 6C 61 62 6C
	   61 62 6C 61 62
	   6C 61 62 6C 61
	   62 6C 61 62 6C
	   61 62 6C 61 62
	   6C 61 62 6C 61
	   62 6C 61 62 6C
	   61 62 6C 61 62
	   6C 61 62 6C 61
	   62 6C 61 62 6C
	   61 62 6C 61 62
	   6C 61 62 6C 61
	   62 6C 61 20 BA
	   0D 0A
 0000101A  20 BA 20 62 6C				DB 32, 186, ' blablablablablablablablablablablablablablablablablablablablablablablablabla ', 186, 13, 10
	   61 62 6C 61 62
	   6C 61 62 6C 61
	   62 6C 61 62 6C
	   61 62 6C 61 62
	   6C 61 62 6C 61
	   62 6C 61 62 6C
	   61 62 6C 61 62
	   6C 61 62 6C 61
	   62 6C 61 62 6C
	   61 62 6C 61 62
	   6C 61 62 6C 61
	   62 6C 61 62 6C
	   61 62 6C 61 62
	   6C 61 62 6C 61
	   62 6C 61 20 BA
	   0D 0A
 0000106C  20 BA 20 62 6C				DB 32, 186, ' blablablablablablablablablablablablablablablablablablablablablablablablabla ', 186, 13, 10
	   61 62 6C 61 62
	   6C 61 62 6C 61
	   62 6C 61 62 6C
	   61 62 6C 61 62
	   6C 61 62 6C 61
	   62 6C 61 62 6C
	   61 62 6C 61 62
	   6C 61 62 6C 61
	   62 6C 61 62 6C
	   61 62 6C 61 62
	   6C 61 62 6C 61
	   62 6C 61 62 6C
	   61 62 6C 61 62
	   6C 61 62 6C 61
	   62 6C 61 20 BA
	   0D 0A
 000010BE  20 BA 20 62 6C				DB 32, 186, ' blablablablabla.                                                            ', 186, 13, 10
	   61 62 6C 61 62
	   6C 61 62 6C 61
	   62 6C 61 2E 20
	   20 20 20 20 20
	   20 20 20 20 20
	   20 20 20 20 20
	   20 20 20 20 20
	   20 20 20 20 20
	   20 20 20 20 20
	   20 20 20 20 20
	   20 20 20 20 20
	   20 20 20 20 20
	   20 20 20 20 20
	   20 20 20 20 20
	   20 20 20 20 BA
	   0D 0A
 00001110  20 BA 20 20 20				DB 32, 186, '                                                                             ', 186, 13, 10
	   20 20 20 20 20
	   20 20 20 20 20
	   20 20 20 20 20
	   20 20 20 20 20
	   20 20 20 20 20
	   20 20 20 20 20
	   20 20 20 20 20
	   20 20 20 20 20
	   20 20 20 20 20
	   20 20 20 20 20
	   20 20 20 20 20
	   20 20 20 20 20
	   20 20 20 20 20
	   20 20 20 20 20
	   20 20 20 20 BA
	   0D 0A
 00001162  20 BA 20 52 65				DB 32, 186, ' Recursos utilizados:                                                        ', 186, 13, 10
	   63 75 72 73 6F
	   73 20 75 74 69
	   6C 69 7A 61 64
	   6F 73 3A 20 20
	   20 20 20 20 20
	   20 20 20 20 20
	   20 20 20 20 20
	   20 20 20 20 20
	   20 20 20 20 20
	   20 20 20 20 20
	   20 20 20 20 20
	   20 20 20 20 20
	   20 20 20 20 20
	   20 20 20 20 20
	   20 20 20 20 BA
	   0D 0A
 000011B4  20 BA 20 20 20				DB 32, 186, '   Biblioteca Irvine (http://www.asmirvine.com)                              ', 186, 13, 10
	   42 69 62 6C 69
	   6F 74 65 63 61
	   20 49 72 76 69
	   6E 65 20 28 68
	   74 74 70 3A 2F
	   2F 77 77 77 2E
	   61 73 6D 69 72
	   76 69 6E 65 2E
	   63 6F 6D 29 20
	   20 20 20 20 20
	   20 20 20 20 20
	   20 20 20 20 20
	   20 20 20 20 20
	   20 20 20 20 20
	   20 20 20 20 BA
	   0D 0A
 00001206  20 BA 20 20 20				DB 32, 186, '                                                                             ', 186, 13, 10
	   20 20 20 20 20
	   20 20 20 20 20
	   20 20 20 20 20
	   20 20 20 20 20
	   20 20 20 20 20
	   20 20 20 20 20
	   20 20 20 20 20
	   20 20 20 20 20
	   20 20 20 20 20
	   20 20 20 20 20
	   20 20 20 20 20
	   20 20 20 20 20
	   20 20 20 20 20
	   20 20 20 20 20
	   20 20 20 20 BA
	   0D 0A
 00001258  20 BA 20 20 20				DB 32, 186, '                                                                             ', 186, 13, 10
	   20 20 20 20 20
	   20 20 20 20 20
	   20 20 20 20 20
	   20 20 20 20 20
	   20 20 20 20 20
	   20 20 20 20 20
	   20 20 20 20 20
	   20 20 20 20 20
	   20 20 20 20 20
	   20 20 20 20 20
	   20 20 20 20 20
	   20 20 20 20 20
	   20 20 20 20 20
	   20 20 20 20 20
	   20 20 20 20 BA
	   0D 0A
 000012AA  20 BA 20 20 20				DB 32, 186, '                    Pressione qualquer tecla para voltar                     ', 186, 13, 10
	   20 20 20 20 20
	   20 20 20 20 20
	   20 20 20 20 20
	   20 20 50 72 65
	   73 73 69 6F 6E
	   65 20 71 75 61
	   6C 71 75 65 72
	   20 74 65 63 6C
	   61 20 70 61 72
	   61 20 76 6F 6C
	   74 61 72 20 20
	   20 20 20 20 20
	   20 20 20 20 20
	   20 20 20 20 20
	   20 20 20 20 BA
	   0D 0A
 000012FC  20 C8					DB 32, 200, 77 DUP(205), 188, 13, 10, 0
	   0000004D [
	    CD
	   ] BC 0D 0A 00

				;// -------------------------------------------------------------------------
				;//  TELAS DO MENU: CONFIGURAÇÕES
				;// -------------------------------------------------------------------------
 0000134F 20 C9			telaConfig	DB 32, 201, 77 DUP(205), 187, 13, 10
	   0000004D [
	    CD
	   ] BB 0D 0A
 000013A1  20 BA 20 20 20				DB 32, 186, '                                 CONFIGURACOES                               ', 186, 13, 10
	   20 20 20 20 20
	   20 20 20 20 20
	   20 20 20 20 20
	   20 20 20 20 20
	   20 20 20 20 20
	   20 20 20 20 20
	   43 4F 4E 46 49
	   47 55 52 41 43
	   4F 45 53 20 20
	   20 20 20 20 20
	   20 20 20 20 20
	   20 20 20 20 20
	   20 20 20 20 20
	   20 20 20 20 20
	   20 20 20 20 BA
	   0D 0A
 000013F3  20 BA 20 62 6C				DB 32, 186, ' blablablablablablablablablablablablablablablablablablablablablablablablabla ', 186, 13, 10
	   61 62 6C 61 62
	   6C 61 62 6C 61
	   62 6C 61 62 6C
	   61 62 6C 61 62
	   6C 61 62 6C 61
	   62 6C 61 62 6C
	   61 62 6C 61 62
	   6C 61 62 6C 61
	   62 6C 61 62 6C
	   61 62 6C 61 62
	   6C 61 62 6C 61
	   62 6C 61 62 6C
	   61 62 6C 61 62
	   6C 61 62 6C 61
	   62 6C 61 20 BA
	   0D 0A
 00001445  20 BA 20 62 6C				DB 32, 186, ' blablablablablablablablablablablablablablablablablablablablablablablablabla ', 186, 13, 10
	   61 62 6C 61 62
	   6C 61 62 6C 61
	   62 6C 61 62 6C
	   61 62 6C 61 62
	   6C 61 62 6C 61
	   62 6C 61 62 6C
	   61 62 6C 61 62
	   6C 61 62 6C 61
	   62 6C 61 62 6C
	   61 62 6C 61 62
	   6C 61 62 6C 61
	   62 6C 61 62 6C
	   61 62 6C 61 62
	   6C 61 62 6C 61
	   62 6C 61 20 BA
	   0D 0A
 00001497  20 BA 20 62 6C				DB 32, 186, ' blablablablablablablablablablablablablablablablablablablablablablablablabla ', 186, 13, 10
	   61 62 6C 61 62
	   6C 61 62 6C 61
	   62 6C 61 62 6C
	   61 62 6C 61 62
	   6C 61 62 6C 61
	   62 6C 61 62 6C
	   61 62 6C 61 62
	   6C 61 62 6C 61
	   62 6C 61 62 6C
	   61 62 6C 61 62
	   6C 61 62 6C 61
	   62 6C 61 62 6C
	   61 62 6C 61 62
	   6C 61 62 6C 61
	   62 6C 61 20 BA
	   0D 0A
 000014E9  20 BA 20 62 6C				DB 32, 186, ' blablablablablablablablablablablablablablablablablablablablablablablablabla ', 186, 13, 10
	   61 62 6C 61 62
	   6C 61 62 6C 61
	   62 6C 61 62 6C
	   61 62 6C 61 62
	   6C 61 62 6C 61
	   62 6C 61 62 6C
	   61 62 6C 61 62
	   6C 61 62 6C 61
	   62 6C 61 62 6C
	   61 62 6C 61 62
	   6C 61 62 6C 61
	   62 6C 61 62 6C
	   61 62 6C 61 62
	   6C 61 62 6C 61
	   62 6C 61 20 BA
	   0D 0A
 0000153B  20 BA 20 62 6C				DB 32, 186, ' blablablablablablablablablablablablablablablablablablablablablablablablabla ', 186, 13, 10
	   61 62 6C 61 62
	   6C 61 62 6C 61
	   62 6C 61 62 6C
	   61 62 6C 61 62
	   6C 61 62 6C 61
	   62 6C 61 62 6C
	   61 62 6C 61 62
	   6C 61 62 6C 61
	   62 6C 61 62 6C
	   61 62 6C 61 62
	   6C 61 62 6C 61
	   62 6C 61 62 6C
	   61 62 6C 61 62
	   6C 61 62 6C 61
	   62 6C 61 20 BA
	   0D 0A
 0000158D  20 BA 20 62 6C				DB 32, 186, ' blablablablablablablablablablablablablablablablablablablablablablablablabla ', 186, 13, 10
	   61 62 6C 61 62
	   6C 61 62 6C 61
	   62 6C 61 62 6C
	   61 62 6C 61 62
	   6C 61 62 6C 61
	   62 6C 61 62 6C
	   61 62 6C 61 62
	   6C 61 62 6C 61
	   62 6C 61 62 6C
	   61 62 6C 61 62
	   6C 61 62 6C 61
	   62 6C 61 62 6C
	   61 62 6C 61 62
	   6C 61 62 6C 61
	   62 6C 61 20 BA
	   0D 0A
 000015DF  20 BA 20 62 6C				DB 32, 186, ' blablablablabla.                                                            ', 186, 13, 10
	   61 62 6C 61 62
	   6C 61 62 6C 61
	   62 6C 61 2E 20
	   20 20 20 20 20
	   20 20 20 20 20
	   20 20 20 20 20
	   20 20 20 20 20
	   20 20 20 20 20
	   20 20 20 20 20
	   20 20 20 20 20
	   20 20 20 20 20
	   20 20 20 20 20
	   20 20 20 20 20
	   20 20 20 20 20
	   20 20 20 20 BA
	   0D 0A
 00001631  20 BA 20 20 20				DB 32, 186, '                                                                             ', 186, 13, 10
	   20 20 20 20 20
	   20 20 20 20 20
	   20 20 20 20 20
	   20 20 20 20 20
	   20 20 20 20 20
	   20 20 20 20 20
	   20 20 20 20 20
	   20 20 20 20 20
	   20 20 20 20 20
	   20 20 20 20 20
	   20 20 20 20 20
	   20 20 20 20 20
	   20 20 20 20 20
	   20 20 20 20 20
	   20 20 20 20 BA
	   0D 0A
 00001683  20 BA 20 20 20				DB 32, 186, '                                                                             ', 186, 13, 10
	   20 20 20 20 20
	   20 20 20 20 20
	   20 20 20 20 20
	   20 20 20 20 20
	   20 20 20 20 20
	   20 20 20 20 20
	   20 20 20 20 20
	   20 20 20 20 20
	   20 20 20 20 20
	   20 20 20 20 20
	   20 20 20 20 20
	   20 20 20 20 20
	   20 20 20 20 20
	   20 20 20 20 20
	   20 20 20 20 BA
	   0D 0A
 000016D5  20 BA 20 20 20				DB 32, 186, '                                                                             ', 186, 13, 10
	   20 20 20 20 20
	   20 20 20 20 20
	   20 20 20 20 20
	   20 20 20 20 20
	   20 20 20 20 20
	   20 20 20 20 20
	   20 20 20 20 20
	   20 20 20 20 20
	   20 20 20 20 20
	   20 20 20 20 20
	   20 20 20 20 20
	   20 20 20 20 20
	   20 20 20 20 20
	   20 20 20 20 20
	   20 20 20 20 BA
	   0D 0A
 00001727  20 BA 20 20 20				DB 32, 186, '                                                                             ', 186, 13, 10
	   20 20 20 20 20
	   20 20 20 20 20
	   20 20 20 20 20
	   20 20 20 20 20
	   20 20 20 20 20
	   20 20 20 20 20
	   20 20 20 20 20
	   20 20 20 20 20
	   20 20 20 20 20
	   20 20 20 20 20
	   20 20 20 20 20
	   20 20 20 20 20
	   20 20 20 20 20
	   20 20 20 20 20
	   20 20 20 20 BA
	   0D 0A
 00001779  20 BA 20 20 20				DB 32, 186, '                                                                             ', 186, 13, 10
	   20 20 20 20 20
	   20 20 20 20 20
	   20 20 20 20 20
	   20 20 20 20 20
	   20 20 20 20 20
	   20 20 20 20 20
	   20 20 20 20 20
	   20 20 20 20 20
	   20 20 20 20 20
	   20 20 20 20 20
	   20 20 20 20 20
	   20 20 20 20 20
	   20 20 20 20 20
	   20 20 20 20 20
	   20 20 20 20 BA
	   0D 0A
 000017CB  20 BA 20 20 20				DB 32, 186, '                    Pressione qualquer tecla para voltar                     ', 186, 13, 10
	   20 20 20 20 20
	   20 20 20 20 20
	   20 20 20 20 20
	   20 20 50 72 65
	   73 73 69 6F 6E
	   65 20 71 75 61
	   6C 71 75 65 72
	   20 74 65 63 6C
	   61 20 70 61 72
	   61 20 76 6F 6C
	   74 61 72 20 20
	   20 20 20 20 20
	   20 20 20 20 20
	   20 20 20 20 20
	   20 20 20 20 BA
	   0D 0A
 0000181D  20 C8					DB 32, 200, 77 DUP(205), 188, 13, 10, 0
	   0000004D [
	    CD
	   ] BC 0D 0A 00


				;// -------------------------------------------------------------------------
				;//  DEFINIÇÃO DE PROCEDIMENTOS
				;// -------------------------------------------------------------------------
 00000000			.code

				;// -------------------------------------------------------------------------
				;//  PROCEDIMENTO: HideCursor
				;// -------------------------------------------------------------------------
				;//	 OBJETIVO: Esconder o cursor piscante do terminal
				;//  PARÂMETROS: Não Possui
				;//  RETORNO: Não Possui
				;// -------------------------------------------------------------------------
 00000000			HideCursor PROC
					invoke GetStdHandle, STD_OUTPUT_HANDLE
 00000000  6A F5	   *	    push    -00000000Bh
 00000002  E8 00000000 E   *	    call   GetStdHandle
 00000007  A3 00000658 R		mov StdOut, eax
					invoke GetConsoleCursorInfo, StdOut, OFFSET cci
 0000000C  68 00000650 R   *	    push   dword  ptr OFFSET FLAT: cci
 00000011  FF 35 00000658 R *	    push   StdOut
 00000017  E8 00000000 E   *	    call   GetConsoleCursorInfo
 0000001C  C7 05 00000654 R		mov cci.bVisible, FALSE
	   00000000
					invoke SetConsoleCursorInfo, StdOut, OFFSET cci
 00000026  68 00000650 R   *	    push   dword  ptr OFFSET FLAT: cci
 0000002B  FF 35 00000658 R *	    push   StdOut
 00000031  E8 00000000 E   *	    call   SetConsoleCursorInfo
 00000036  C3				ret
 00000037			HideCursor ENDP

				;// -------------------------------------------------------------------------
				;//  PROCEDIMENTO: ShowMenu
				;// -------------------------------------------------------------------------
				;//	 OBJETIVO: Imprimir o menu principal e chamar o controle da seta seletora
				;//  PARÂMETROS: CL - Opção atual do menu
				;//  RETORNO: Não Possui
				;// -------------------------------------------------------------------------
 00000037			ShowMenu PROC
 00000037  B8 0000001E			mov eax, yellow + (blue * 16)
 0000003C  E8 00000000 E		call SetTextColor

 00000041  BE 00000000			mov esi, 0	;// Inicia o índice do menu na primeira opção

 00000046  E8 000000EB			call LimpaTela

 0000004B  BA 00000665 R		mov edx, OFFSET telaMenu ;// Imprime a tela inicial do menu
 00000050  E8 00000000 E		call WriteString

 00000055  8A E9			mov ch, cl			;// Copia a seleção atual para chamar ChangeMenuSel
 00000057  E8 00000046			call ChangeMenuSel	;// Imprime a seta seletora do menu

 0000005C			MENUL:
 0000005C  B8 00000032			mov  eax, 50
 00000061  E8 00000000 E		call Delay
 00000066  E8 00000000 E		call ReadKey	;// Verifica se há uma tecla pressionada
 0000006B  74 EF			jz MENUL
 0000006D  80 FC 48			cmp ah, 48h	;// Seta para cima
 00000070  74 20			je CIMA
 00000072  80 FC 50			cmp ah, 50h	;// Seta para baixo
 00000075  74 0B			je BAIXO
 00000077  80 FC 1C			cmp ah, 1Ch	;// Enter
 0000007A  75 E0			jne MENUL
 0000007C  E8 00000046			call DoMenuSel
 00000081  C3				ret
 00000082			BAIXO :
 00000082  80 F9 04			cmp cl, (MENUQNT - 1)	;// Limitador máximo
 00000085  74 D5			je MENUL
 00000087  8A E9			mov ch, cl
 00000089  FE C5			inc ch
 0000008B  E8 00000012			call ChangeMenuSel
 00000090  EB CA			jmp MENUL
 00000092			CIMA :
 00000092  80 F9 00			cmp cl, 0	;// Limitador mínimo
 00000095  74 C5			je MENUL
 00000097  8A E9			mov ch, cl
 00000099  FE CD			dec ch
 0000009B  E8 00000002			call ChangeMenuSel
 000000A0  EB BA			jmp MENUL
 000000A2			ShowMenu ENDP

				;// -------------------------------------------------------------------------
				;//  PROCEDIMENTO: ChangeMenuSel
				;// -------------------------------------------------------------------------
				;//	 OBJETIVO: Imprimir a seta seletora do menu
				;//  PARÂMETROS:  CH - Nova Opção Selecionada
				;//  RETORNO: CL - Opção Selecionada
				;// -------------------------------------------------------------------------
 000000A2			ChangeMenuSel PROC
 000000A2  B2 1D			mov dl, 29			;// pos X da seta
 000000A4  B6 09			mov dh, 9			;// base do Y do menu(topo)
 000000A6  02 F1			add dh, cl			;// pos Y da seta(atual)
 000000A8  E8 00000000 E		call Gotoxy
 000000AD  B0 20			mov al, 32			;// ASCII: Espaço
 000000AF  E8 00000000 E		call WriteChar		;// Limpa a seleção anterior
 000000B4  B6 09			mov dh, 9			;// base do Y do menu(topo)
 000000B6  02 F5			add dh, ch			;// pos Y da seta(nova)
 000000B8  E8 00000000 E		call Gotoxy
 000000BD  B0 AF			mov al, 175			;// ASCII: Seta
 000000BF  E8 00000000 E		call WriteChar		;// Escreve o indicador do menu
 000000C4  8A CD			mov cl, ch			;// Troca a opção atual
 000000C6  C3				ret
 000000C7			ChangeMenuSel ENDP

				;// -------------------------------------------------------------------------
				;//  PROCEDIMENTO: DoMenuSel
				;// -------------------------------------------------------------------------
				;//	 OBJETIVO: Verificar a opção selecionada no menu e agir de acordo
				;//  PARÂMETROS:  CL - Opção Selecionada
				;//  RETORNO: Não Possui
				;// -------------------------------------------------------------------------
 000000C7			DoMenuSel PROC
 000000C7  80 F9 00			cmp cl, 0
 000000CA  74 1B			je opNovoJogo
 000000CC  80 F9 01			cmp cl, 1
 000000CF  74 1D			je opConquistas
 000000D1  80 F9 02			cmp cl, 2
 000000D4  74 29			je opAjuda
 000000D6  80 F9 03			cmp cl, 3
 000000D9  74 35			je opConfig
				;// SELEÇÃO DO MENU: Sair
 000000DB  E8 00000056			call LimpaTela
					invoke ExitProcess, 0
 000000E0  6A 00	   *	    push   +000000000h
 000000E2  E8 00000000 E   *	    call   ExitProcess
				;// SELEÇÃO DO MENU: Novo Jogo
 000000E7			opNovoJogo:
 000000E7  E8 000004D5		          call MainGame
 000000EC  EB 31				jmp MenuRetWait 
				;// SELEÇÃO DO MENU: Conquistas
 000000EE			opConquistas:
 000000EE  E8 00000043				call LimpaTela
 000000F3  BA 0000090D R			mov edx, OFFSET telaConqs
 000000F8  E8 00000000 E			call WriteString
 000000FD  EB 20				jmp MenuRetWait
				;// SELEÇÃO DO MENU: Ajuda
 000000FF			opAjuda:
 000000FF  E8 00000032				call LimpaTela
 00000104  BA 00000E2E R			mov edx, OFFSET telaAjuda
 00000109  E8 00000000 E			call WriteString
 0000010E  EB 0F				jmp MenuRetWait
				;// SELEÇÃO DO MENU: Configurações
 00000110			opConfig:
 00000110  E8 00000021				call LimpaTela
 00000115  BA 0000134F R			mov edx, OFFSET telaConfig
 0000011A  E8 00000000 E			call WriteString
				;// Para telas do menu que aguardam uma tecla para retornar
 0000011F			MenuRetWait:
 0000011F  B8 00000032				mov  eax, 50
 00000124  E8 00000000 E			call Delay
 00000129  E8 00000000 E			call ReadKey	;// Verifica se há uma tecla pressionada
 0000012E  74 EF				jz MenuRetWait
 00000130  E8 FFFFFF02				call ShowMenu   ;// Retorna ao menu principal
 00000135  C3					ret
 00000136			DoMenuSel ENDP

				;// -------------------------------------------------------------------------
				;//  PROCEDIMENTO: LimpaTela
				;// -------------------------------------------------------------------------
				;//	 OBJETIVO: Limpar a tela, escrevendo o caracter " " (espaço) em toda a 
				;//			   matriz do jogo
				;//  PARÂMETROS: Não Possui
				;//  RETORNO: Não Possui
				;// -------------------------------------------------------------------------
 00000136			LimpaTela PROC USES eax ecx edx
 00000136  50		   *	    push   eax
 00000137  51		   *	    push   ecx
 00000138  52		   *	    push   edx
 00000139  B8 00000000			mov eax, black + (black * 16) ;// Para a função SETTEXTCOLOR deve ser passado al, onde os 4 bits HSB é a cor de fundo e os 4 LSB são a cor da letra, a multiplicação por 16 é equivalente a dar um shift de 4 bits para a esquerda
 0000013E  E8 00000000 E		call SETTEXTCOLOR ;// Função Irvine : Configura a cor do texto recebendo como parâmetro o registrador eax
 00000143  B2 00			mov dl, 0 ;// Move o cursor para a posição 0, 0
 00000145  B6 00			mov dh, 0
 00000147  E8 00000000 E		call GOTOXY ;// Função Irvine : Configura o cursor para a linha dh e a coluna dl
 0000014C  0F B6 0D			movzx ecx, yMax ;// Inicializa o contador do loop com a quantidade de linhas
	   00000001 R
 00000153  41				inc ecx
 00000154  A0 00000621 R		mov al, vazioChar

 00000159			LLP1 :
 00000159  B2 00			mov dl, 0
 0000015B  E8 00000000 E		call GOTOXY
 00000160  51				push ecx
 00000161  0F B6 0D			movzx ecx, xMax ;// Inicializa o contador do loop com a quantidade de colunhas
	   00000000 R
 00000168			LLP2 :
 00000168  E8 00000000 E		call WRITECHAR ;// Função Irvine : Escreve um caracter no terminal, tMaxX * tMaxY vezes(declarado de forma a ser dois loops aninhados)
 0000016D  FE C2			inc dl
 0000016F  E2 F7			loop LLP2

 00000171  FE C6			inc dh
 00000173  59				pop ecx
 00000174  E2 E3			loop LLP1

 00000176  B8 0000000F			mov eax, white + (black * 16)
 0000017B  E8 00000000 E		call SETTEXTCOLOR
 00000180  B2 00			mov dl, 0
 00000182  B6 00			mov dh, 0
 00000184  E8 00000000 E		call GOTOXY
					ret
 00000189  5A		   *	    pop    edx
 0000018A  59		   *	    pop    ecx
 0000018B  58		   *	    pop    eax
 0000018C  C3		   *	    ret    00000h

 0000018D			LimpaTela ENDP

				;// -------------------------------------------------------------------------
				;//  PROCEDIMENTO: drawBordas
				;// -------------------------------------------------------------------------
				;//	 OBJETIVO: Desenha as bordas do jogo com o caracter "/" em vermelho
				;//  PARÂMETROS: xMax - Quantidade de colunas totais do jogo
				;//				 yMax - Quantidade de linhas totais do jogo
				;//  RETORNO: Não Possui
				;// -------------------------------------------------------------------------
 0000018D			drawBordas PROC uses eax ecx edx 
 0000018D  50		   *	    push   eax
 0000018E  51		   *	    push   ecx
 0000018F  52		   *	    push   edx
 00000190  B8 00000008		     mov eax, gray + (black * 16)
 00000195  E8 00000000 E	     call SetTextColor

				     ;// -------------------- Imprime a borda superior do mapa
 0000019A  B0 C9		     mov al, 201
 0000019C  E8 00000000 E	     call WriteChar

 000001A1  0F B6 0D		     movzx ecx, xMax
	   00000000 R
 000001A8  83 E9 02		     sub ecx, 2
 000001AB  B0 CD		     mov al, 205
 000001AD			L1:
 000001AD  E8 00000000 E	     call WriteChar
 000001B2  E2 F9		     loop L1

 000001B4  B0 BB		     mov al, 187
 000001B6  E8 00000000 E	     call WriteChar

				     ;// ------------------- Imprime as bordas laterais do mapa
 000001BB  B0 BA		     mov al, 186
 000001BD  0F B6 0D		     movzx ecx, yMax                  
	   00000001 R
 000001C4  83 E9 04		     sub ecx, 4
 000001C7  B6 01		     mov dh, 1
 000001C9			L2:
 000001C9  B2 00		     mov dl, 0
 000001CB  E8 00000000 E	     call GotoXY
 000001D0  E8 00000000 E	     call WriteChar
 000001D5  8A 15 00000000 R	     mov dl, xMax
 000001DB  FE CA		     dec dl
 000001DD  E8 00000000 E	     call GotoXY
 000001E2  E8 00000000 E	     call WriteChar
 000001E7  FE C6		     inc dh
 000001E9  E2 DE		     loop L2

				     ;// ------------------ Imprime a borda de baixo do mapa
 000001EB  B2 00		     mov dl, 0
 000001ED  8A 35 00000001 R	     mov dh, yMax
 000001F3  80 EE 04     sub dh, 4
 000001F6  E8 00000000 E	     call GotoXY
				     
 000001FB  B0 C8		     mov al, 200
 000001FD  E8 00000000 E	     call WriteChar

 00000202  0F B6 0D		     movzx ecx, xMax  
	   00000000 R
 00000209  83 E9 02		     sub ecx, 2
 0000020C  B0 CD		     mov al, 205

 0000020E			L3:
 0000020E  E8 00000000 E	     call WriteChar
 00000213  E2 F9		     loop L3

 00000215  B0 BC		     mov al, 188
 00000217  E8 00000000 E	     call WriteChar

 0000021C  B8 00000004		     mov eax, red + (black * 16)
 00000221  E8 00000000 E	     call SetTextColor


				     ;// --------------------Imprime a borda superior do status
 00000226  B0 C9		     mov al, 201
 00000228  B2 00		     mov dl, 0
 0000022A  8A 35 00000001 R	     mov dh, yMax
 00000230  80 EE 03		     sub dh, 3
 00000233  E8 00000000 E	     call GotoXY
 00000238  E8 00000000 E	     call WriteChar
 0000023D  0F B6 0D		     movzx ecx, xMax
	   00000000 R
 00000244  83 E9 02		     sub ecx, 2
 00000247  B0 CF		     mov al, 207
 00000249			L4:
 00000249  E8 00000000 E	     call WriteChar
 0000024E  E2 F9		     loop L4

 00000250  B0 BB		     mov al, 187
 00000252  E8 00000000 E	     call WriteChar

				     ;// ------------------Imprime a borda de baixo do status
 00000257  B0 C8		     mov al, 200
 00000259  B2 00		     mov dl, 0
 0000025B  8A 35 00000001 R	     mov dh, yMax
 00000261  E8 00000000 E	     call GotoXY
 00000266  E8 00000000 E	     call writeChar
 0000026B  0F B6 0D		     movzx ecx, xMax
	   00000000 R
 00000272  83 E9 02		     sub ecx, 2
 00000275  B0 D1		     mov al, 209
 00000277			L5:
 00000277  E8 00000000 E	     call WriteChar
 0000027C  E2 F9		     loop L5
				          
 0000027E  B0 BC		     mov al, 188
 00000280  E8 00000000 E	     call WriteChar
				     
				     ;// ------------------ Imprime as laterais do status
 00000285  B9 00000002		     mov ecx, 2
 0000028A  8A 35 00000001 R	     mov dh, yMax
 00000290  80 EE 02		     sub dh, 2
 00000293			L6:
 00000293  B2 00		     mov dl, 0
 00000295  E8 00000000 E	     call GotoXY
 0000029A  B0 B6		     mov al, 182
 0000029C  E8 00000000 E	     call WriteChar
 000002A1  8A 15 00000000 R	     mov dl, xMax
 000002A7  FE CA		     dec dl
 000002A9  E8 00000000 E	     call GotoXY
 000002AE  B0 C7		     mov al, 199
 000002B0  E8 00000000 E	     call WriteChar
 000002B5  FE C6		     inc dh
 000002B7  E2 DA		     loop L6

				     ;// ------- Reseta a cor e retorna
 000002B9  B8 0000000F		     mov eax, white + (black * 16)
 000002BE  E8 00000000 E	     call SetTextColor
				     ret
 000002C3  5A		   *	    pop    edx
 000002C4  59		   *	    pop    ecx
 000002C5  58		   *	    pop    eax
 000002C6  C3		   *	    ret    00000h
 000002C7			drawBordas ENDP

				;// -------------------------------------------------------------------------
				;//  PROCEDIMENTO: drawStatus
				;// -------------------------------------------------------------------------
				;//	 OBJETIVO: Desenha o status do jogo (nível, vida, etc)
				;//  PARÂMETROS: xMax - Quantidade de colunas totais do jogo
				;//		       yMax - Quantidade de linhas totais do jogo
				;//  RETORNO: Não Possui
				;// -------------------------------------------------------------------------
 000002C7			drawStatus PROC uses eax edx
				     
 000002C7  50		   *	    push   eax
 000002C8  52		   *	    push   edx
 000002C9  B8 0000000F		     mov eax, white+(black*16)
 000002CE  E8 00000000 E	     call SetTextColor

				     ;// ---- LEVEL
 000002D3  B6 17		     mov dh, 23     ;// move para a posição
 000002D5  B2 05		     mov dl, 5
 000002D7  E8 00000000 E	     call GotoXY
 000002DC  BA 00000624 R	     mov edx, OFFSET strLevel
 000002E1  E8 00000000 E	     call WriteString
 000002E6  A0 00000622 R	     mov al, Level
 000002EB  E8 00000000 E	     call WriteDec
				     
				     ;// ---- HEALTH
 000002F0  B6 17		     mov dh, 23     ;// move para a posição
 000002F2  B2 19		     mov dl, 25
 000002F4  E8 00000000 E	     call GotoXY
 000002F9  BA 0000062D R	     mov edx, OFFSET strHealth
 000002FE  E8 00000000 E	     call WriteString
 00000303  A0 0000062C R	     mov al, Health
 00000308  E8 00000000 E	     call WriteDec

				     ;// ---- GOLD
 0000030D  B6 17		     mov dh, 23     ;// move para a posição
 0000030F  B2 2D		     mov dl, 45
 00000311  E8 00000000 E	     call GotoXY
 00000316  BA 00000641 R	     mov edx, OFFSET strGold
 0000031B  E8 00000000 E	     call WriteString
 00000320  A0 00000640 R	     mov al, Gold
 00000325  E8 00000000 E	     call WriteDec

 0000032A  E8 FFFFFCD1		     call HideCursor
				     ret
 0000032F  5A		   *	    pop    edx
 00000330  58		   *	    pop    eax
 00000331  C3		   *	    ret    00000h
 00000332			drawStatus ENDP


				;// -------------------------------------------------------------------------
				;//  PROCEDIMENTO: PrintMapa
				;// -------------------------------------------------------------------------
				;//	 OBJETIVO: Desenha o mapa do jogo
				;//  PARÂMETROS: MAPCOLS - Quantidade de colunas no mapa 
				;//				 MAPROWS - Quantidade de linhas no mapa
				;//  RETORNO: Não Possui
				;// -------------------------------------------------------------------------
 00000332			PrintMapa PROC USES ecx esi ebx eax
				     
 00000332  51		   *	    push   ecx
 00000333  56		   *	    push   esi
 00000334  53		   *	    push   ebx
 00000335  50		   *	    push   eax
 00000336  B8 00000080		     mov eax, black + (gray * 16)
 0000033B  E8 00000000 E	     call SETTEXTCOLOR
 00000340  B6 00		     mov dh, 0
 00000342  B2 01		     mov dl, 1
 00000344  B9 00000014		     mov ecx, MAPROWS
 00000349  BE 00000002 R	     mov esi, OFFSET map
 0000034E  BB 00000000		     mov ebx, 0
 00000353			L1:
 00000353  80 C6 01		     add dh, 1
 00000356  51			     push ecx                 ;// Guarda ecx
 00000357  B9 0000004E		     mov ecx, MAPCOLS         ;// ecx = numero de colunas do mapa
 0000035C  E8 00000000 E	     call GOTOXY              ;// Função Irvine : Configura o cursor para a linha dh e a coluna dl
 00000361			L2:
 00000361  8A 04 1E		     mov al, [esi + ebx]
 00000364  3A 05 0000061C R	     cmp al, HeroiChar
 0000036A  74 0F		     je Hero
 0000036C  3A 05 0000061F R	     cmp al, EscadaChar
 00000372  74 24		     je Escada
 00000374			Default:
 00000374  E8 00000000 E	     call WriteChar ;// Desenha padrão (parede ou nada)
 00000379  EB 3A		     jmp DefLoop

 0000037B			Hero:
 0000037B  50			     push eax                      ;// guarda 
 0000037C  B8 0000008F		     mov eax, white + (gray * 16)  ;// Seleciona o branco  
 00000381  E8 00000000 E	     call SETTEXTCOLOR
 00000386  58			     pop eax
 00000387  E8 00000000 E	     call WriteChar                ;// Desenha o herói
 0000038C  B8 00000080		     mov eax, black + (gray * 16)  ;// Volta para a cor padrão
 00000391  E8 00000000 E	     call SETTEXTCOLOR
 00000396  EB 1D		     jmp DefLoop

 00000398			Escada:
 00000398  50			     push eax                      ;// guarda 
 00000399  B8 0000008A		     mov eax, lightGreen + (gray * 16)  ;// Seleciona o branco  
 0000039E  E8 00000000 E	     call SETTEXTCOLOR
 000003A3  58			     pop eax
 000003A4  E8 00000000 E	     call WriteChar                ;// Desenha a Escada
 000003A9  B8 00000080		     mov eax, black + (gray * 16)  ;// Volta para a cor padrão
 000003AE  E8 00000000 E	     call SETTEXTCOLOR
 000003B3  EB 00		     jmp DefLoop

 000003B5			DefLoop:          ;// Continua os loops padrão
 000003B5  43			     inc ebx   
 000003B6  E2 A9		     loop L2   
 000003B8  59			     pop ecx
 000003B9  E2 98		     loop L1
				     
				     ;// Reseta a cor do print
 000003BB  B8 0000000F		     mov eax, white + (black * 16)
 000003C0  E8 00000000 E	     call SETTEXTCOLOR

				     ret
 000003C5  58		   *	    pop    eax
 000003C6  5B		   *	    pop    ebx
 000003C7  5E		   *	    pop    esi
 000003C8  59		   *	    pop    ecx
 000003C9  C3		   *	    ret    00000h
 000003CA			PrintMapa ENDP

				;// ==============================================================
				;// ResetMapa PROC
				;// Objetivo: Reseta o Mapa, setando todos os bytes do vetor para '#' - parede
				;// Usa:     MAPCOLS - Quantidade de colunas no mapa
				;//		 MAPROWS - Quantidade de linhas no mapa
				;// Retorna: Sem retorno
				;// ==============================================================
 000003CA			ResetMapa PROC uses eax ecx esi
 000003CA  50		   *	    push   eax
 000003CB  51		   *	    push   ecx
 000003CC  56		   *	    push   esi
 000003CD  B9 00000000		     mov ecx, 0
 000003D2  BE 00000002 R	     mov esi, OFFSET Map
 000003D7  A0 00000620 R	     mov al, paredeChar
 000003DC			L1:
 000003DC  88 04 0E		     mov [esi+ecx], al
 000003DF  41			     inc ecx
 000003E0  81 F9 00000618	     cmp ecx, LENGTHOF Map
 000003E6  72 F4		     jb L1
				     
				     ret
 000003E8  5E		   *	    pop    esi
 000003E9  59		   *	    pop    ecx
 000003EA  58		   *	    pop    eax
 000003EB  C3		   *	    ret    00000h
 000003EC			ResetMapa ENDP

				;// ==============================================================
				;// GeraMapa PROC
				;// Objetivo: Gera o Mapa - drunkard walk modificado
				;// Usa:     MAPCOLS - Quantidade de colunas no mapa
				;//		 MAPROWS - Quantidade de linhas no mapa
				;//          Map     - Mapa (vetor de bytes)
				;//          emptyCells - células vazias no mapa
				;//          emptyGoal - Meta de células vazias
				;//          pos - posição atual na matriz
				;//          direction - direcao que a geracao se movera
				;//          passos - numero de passos que serão dados
				;// Retorna: Sem retorno
				;// ==============================================================
 000003EC			GeraMapa PROC USES eax ebx ecx edx esi
				;// ------------------------- Reseta mapa e variáveis
 000003EC  50		   *	    push   eax
 000003ED  53		   *	    push   ebx
 000003EE  51		   *	    push   ecx
 000003EF  52		   *	    push   edx
 000003F0  56		   *	    push   esi
 000003F1  E8 FFFFFFD4		     call ResetMapa
 000003F6  66| C7 05		     mov emptyCells, 0
	   00000648 R
	   0000
				;// ------------------------- Randomiza a meta de células limpas - entre 620 e 950 (aprox. 40 a 60 % do mapa)
 000003FF  B8 000001C3		     mov eax, 451
 00000404  E8 00000000 E	     call RandomRange
 00000409  05 000001F4		     add eax, 500
 0000040E  66| A3		     mov emptyGoal, ax 
	   0000064A R

				;// ------------------------- Define uma posição inicial aleatória NO MEIO DO MAPA e salva em pos
 00000414  BE 00000002 R	     mov esi, OFFSET Map
 00000419  B8 00000209		     mov eax, 521
 0000041E  E8 00000000 E	     call RandomRange
 00000423  05 00000208		     add eax, 520
 00000428  66| A3		     mov pos, ax   
	   0000064D R
 0000042E  66| A3		     mov posHeroi, ax
	   0000061A R

				;// ------------------------- Enquanto Células vazias < Meta
 00000434  66| A1		WL1: mov ax, emptyGoal
	   0000064A R
 0000043A  66| 39 05		     cmp emptyCells, ax
	   00000648 R
 00000441  0F 83 00000150	     jae Fim

				;// ------------------------- Randomiza direção e num. de passos (de 2 a 5)
				     ;----------- Randomiza direção (0-4)
 00000447  B8 00000004		     mov eax, 4
 0000044C  E8 00000000 E	     call RandomRange
 00000451  A2 0000064C R	     mov direction, al
				     ;// --------- Randomiza número de passos (1-9)
 00000456  B8 00000009		     mov eax, 9
 0000045B  E8 00000000 E	     call RandomRange
 00000460  40			     inc eax
 00000461  A2 0000064F R	     mov passos, al
				     ;// --------- Verifica direção e salta para o trecho correspondente
 00000466  BE 00000002 R	     mov esi, OFFSET Map
 0000046B  80 3D 0000064C R	     cmp direction, 0
	   00
 00000472  74 23		     je MoveNorth
 00000474  80 3D 0000064C R	     cmp direction, 1
	   01
 0000047B  74 50		     je MoveEast
 0000047D  80 3D 0000064C R	     cmp direction, 2
	   02
 00000484  0F 84 0000008A	     je MoveSouth
 0000048A  80 3D 0000064C R	     cmp direction, 3
	   03
 00000491  0F 84 000000BB	     je MoveWest

 00000497			MoveNorth:
				     ;// ---------- Tira paredes para o norte
 00000497  33 C9		     xor ecx, ecx
 00000499  8A 0D 0000064F R	     mov cl, passos
 0000049F			MNC:
 0000049F  66| A1		     mov ax, pos         
	   0000064D R
 000004A5  66| 83 E8 4E		     sub ax, MAPCOLS     ;// Se não pode mover para cima,
 000004A9  78 89		     js WL1              ;// volta para o inicio
				     
 000004AB  66| A3		     mov pos, ax;// salva a nova posição
	   0000064D R

 000004B1  8A 1D 00000621 R	     mov bl, vazioChar
 000004B7  38 1C 06		     cmp[esi + eax], bl
 000004BA  74 0A		     je NowriteN
 000004BC  66| FF 05		     inc emptyCells
	   00000648 R
 000004C3  88 1C 06		     mov[esi + eax], bl
 000004C6			NowriteN:  
 000004C6  E2 D7		     loop MNC
 000004C8  E9 FFFFFF67		     jmp WL1

 000004CD			MoveEast:
				     ;// ----------Tira paredes para o leste
 000004CD  33 C9		     xor ecx, ecx
 000004CF  8A 0D 0000064F R	     mov cl, passos
 000004D5			MEC: 
 000004D5  66| A1		     mov ax, pos
	   0000064D R
 000004DB  66| 40		     inc ax       ;// ax = pos+1
 000004DD  B3 4E		     mov bl, 78
 000004DF  F6 F3		     div bl       ;// (pos+1)/78 - Resto fica em AH
 000004E1  80 FC 00		     cmp ah, 0
 000004E4  0F 84 FFFFFF4A	     je WL1      ;// se (pos+1)%78 = 0, então não é valido
				     
 000004EA  66| A1		     mov ax, pos
	   0000064D R
 000004F0  66| 40		     inc ax
 000004F2  66| A3		     mov pos, ax  ;// salva a nova posição
	   0000064D R

 000004F8  8A 1D 00000621 R	     mov bl, vazioChar
 000004FE  38 1C 06		     cmp[esi + eax], bl
 00000501  74 0A		     je NowriteE
 00000503  66| FF 05		     inc emptyCells
	   00000648 R
 0000050A  88 1C 06		     mov[esi + eax], bl
 0000050D			NowriteE:  
 0000050D  E2 C6		     loop MEC
 0000050F  E9 FFFFFF20		     jmp WL1


 00000514			MoveSouth:
				     ;// ----------Tira paredes para o sul
 00000514  33 C9		     xor ecx, ecx
 00000516  8A 0D 0000064F R	     mov cl, passos
 0000051C			MSC: 
 0000051C  66| A1		     mov ax, pos
	   0000064D R
 00000522  66| 83 C0 4E		     add ax, MAPCOLS
 00000526  66| 3D 0617		     cmp ax, 1559     ;// Se não pode mover para baixo,
 0000052A  0F 87 FFFFFF04	     ja WL1           ;// volta para o inicio

 00000530  66| A3		     mov pos, ax     ;// salva a nova posição
	   0000064D R

 00000536  8A 1D 00000621 R	     mov bl, vazioChar
 0000053C  38 1C 06		     cmp[esi + eax], bl
 0000053F  74 0A		     je NowriteS
 00000541  66| FF 05		     inc emptyCells
	   00000648 R
 00000548  88 1C 06		     mov[esi + eax], bl
 0000054B			NowriteS:  
 0000054B  E2 CF		     loop MSC
 0000054D  E9 FFFFFEE2		     jmp WL1

 00000552			MoveWest:
				     ;// ----------Tira paredes para o oeste
 00000552  33 C9		     xor ecx, ecx
 00000554  8A 0D 0000064F R	     mov cl, passos
 0000055A			MWC :
 0000055A  66| A1		     mov ax, pos
	   0000064D R
 00000560  B3 4E		     mov bl, 78
 00000562  F6 F3		     div bl         ;// pos/78 - Resto fica em AH
 00000564  80 FC 00		     cmp ah, 0
 00000567  0F 84 FFFFFEC7	     je WL1         ;// se pos%78 = 0, então não é valido

 0000056D  66| A1		     mov ax, pos
	   0000064D R
 00000573  66| 48		     dec ax
 00000575  66| A3		     mov pos, ax    ;// salva a nova posição
	   0000064D R

 0000057B  8A 1D 00000621 R	     mov bl, vazioChar
 00000581  38 1C 06		     cmp [esi + eax], bl
 00000584  74 0A		     je NowriteW
 00000586  66| FF 05		     inc emptyCells
	   00000648 R
 0000058D  88 1C 06		     mov [esi + eax], bl
 00000590			NowriteW:  
 00000590  E2 C8		     loop MWC
 00000592  E9 FFFFFE9D		     jmp WL1



 00000597			Fim:
				     ;// -------- - Insere a Escada no mapa
 00000597  66| A1		     mov ax, pos
	   0000064D R
 0000059D  66| A3		     mov posEscada, ax
	   0000061D R
 000005A3  8A 1D 0000061F R	     mov bl, EscadaChar
 000005A9  88 1C 06		     mov [esi+eax], bl

				     ;// -------- - Insere Personagem no mapa
 000005AC  66| A1		     mov ax, posHeroi
	   0000061A R
 000005B2  8A 1D 0000061C R	     mov bl, HeroiChar
 000005B8  88 1C 06		     mov [esi + eax], bl

				     ret
 000005BB  5E		   *	    pop    esi
 000005BC  5A		   *	    pop    edx
 000005BD  59		   *	    pop    ecx
 000005BE  5B		   *	    pop    ebx
 000005BF  58		   *	    pop    eax
 000005C0  C3		   *	    ret    00000h
 000005C1			GeraMapa ENDP

				;// -------------------------------------------------------------------------
				;//  PROCEDIMENTO: mainGame
				;// -------------------------------------------------------------------------
				;//	OBJETIVO: Loop do jogo
				;//  PARÂMETROS: Não Possui
				;//  RETORNO: Não Possui
				;// -------------------------------------------------------------------------
 000005C1			MainGame PROC
				     
 000005C1			InitAll:
				     ;// Reseta variáveis
 000005C1  C6 05 00000622 R	     mov Level, 1
	   01
 000005C8  C6 05 0000062C R	     mov Health, 10
	   0A
 000005CF  C6 05 00000640 R	     mov Gold, 0
	   00

 000005D6			InitLevel:
 000005D6  E8 FFFFFB5B		     call LimpaTela;// Limpa a tela
 000005DB  E8 FFFFFBAD		     call drawBordas;// Desenha as bordas do jogo
 000005E0  E8 FFFFFDE5		     call ResetMapa;// Reseta o mapa
 000005E5  E8 FFFFFE02		     call GeraMapa;// Gera um novo mapa

 000005EA			gameloop:
 000005EA  E8 FFFFFD43		     call PrintMapa;// Desenha o mapa
 000005EF  E8 FFFFFCD3		     call drawStatus;// Escreve os status
 000005F4  E8 0000001B		     call PlayerMove
 000005F9  80 3D 00000623 R	     cmp inStairs, 0
	   00
 00000600  75 02		     jne NextLevel
 00000602  EB E6		     jmp gameloop

 00000604			NextLevel:
 00000604  C6 05 00000623 R	     mov inStairs, 0
	   00
 0000060B  FE 05 00000622 R	     inc Level
 00000611  EB C3		     jmp InitLevel
				     
 00000613  C3			     ret
 00000614			MainGame ENDP

				;// -------------------------------------------------------------------------
				;//  PROCEDIMENTO: PlayerMove
				;// -------------------------------------------------------------------------
				;//	 OBJETIVO: Lê a entrada do jogador e move o personagem
				;//  PARÂMETROS: Não Possui
				;//  RETORNO: Não Possui
				;// -------------------------------------------------------------------------
 00000614			PlayerMove PROC uses eax esi edx ebx 
				         
 00000614  50		   *	    push   eax
 00000615  56		   *	    push   esi
 00000616  52		   *	    push   edx
 00000617  53		   *	    push   ebx
 00000618  BE 00000002 R	     mov esi, OFFSET Map    

 0000061D			KeyWait:
 0000061D  B8 00000032		     mov eax, 50
 00000622  E8 00000000 E	     call Delay; // Sleep para timeslice
 00000627  E8 00000000 E	     call ReadKey
 0000062C  74 EF		     jz KeyWait

 0000062E  66| 83 FA 26		     cmp  dx, 0026h
 00000632  74 1C		     je KeyUp
 00000634  66| 83 FA 25		     cmp dx, 0025h
 00000638  0F 84 00000089	     je KeyLeft
 0000063E  66| 83 FA 27		     cmp dx, 0027h
 00000642  0F 84 000000C7	     je KeyRight
 00000648  66| 83 FA 28		     cmp dx, 0028h
 0000064C  74 3A		     je KeyDown
 0000064E  EB CD		     jmp KeyWait

 00000650			KeyUp:
 00000650  66| A1		     mov ax, posHeroi
	   0000061A R
 00000656  66| 83 F8 4D		     cmp ax, 77
 0000065A  76 C1		     jbe KeyWait      ;// Aguarda outra tecla caso inválido

				     ;// Checa se existe uma parede:
 0000065C  83 E8 4E		     sub eax, 78
 0000065F  8A 1D 00000620 R	     mov bl, paredeChar
 00000665  38 1C 06		     cmp [esi + eax], bl
 00000668  74 B3		     je KeyWait
				     ;// Move caso válido
 0000066A  8A 1D 00000621 R	     mov bl, vazioChar
 00000670  38 1C 06		     cmp[esi + eax], bl
 00000673  0F 84 000000DC	     je MovUp
				     ;// Colisão com escada
 00000679  8A 1D 0000061F R	     mov bl, EscadaChar
 0000067F  38 1C 06		     cmp[esi + eax], bl
 00000682  0F 84 00000157	     je colisaoEscada
				     ;// -------------------------- INSERIR COLISÕES

 00000688			KeyDown:
 00000688  66| A1		     mov ax, posHeroi
	   0000061A R
 0000068E  66| BB 05CA		     mov bx, 1482
 00000692  66| 3B C3		     cmp ax, bx
 00000695  73 86		     jae KeyWait;   // Aguarda outra tecla caso inválido

				     ;// Checa se existe uma parede:
 00000697  83 C0 4E		     add eax, 78
 0000069A  8A 1D 00000620 R	     mov bl, paredeChar
 000006A0  38 1C 06		     cmp[esi + eax], bl
 000006A3  0F 84 FFFFFF74	     je KeyWait
				     ;// Move caso válido
 000006A9  8A 1D 00000621 R	     mov bl, vazioChar
 000006AF  38 1C 06		     cmp[esi + eax], bl
 000006B2  0F 84 000000C0	     je MovDown
				     ;// Colisão com escada
 000006B8  8A 1D 0000061F R	     mov bl, EscadaChar
 000006BE  38 1C 06		     cmp[esi + eax], bl
 000006C1  0F 84 00000118	     je colisaoEscada
				     ;// -------------------------- INSERIR COLISÕES

 000006C7			KeyLeft:
 000006C7  66| A1		     mov ax, PosHeroi
	   0000061A R
 000006CD  B3 4E		     mov bl, 78
 000006CF  F6 F3		     div bl             ;// pos/78 - Resto fica em AH
 000006D1  80 FC 00		     cmp ah, 0
 000006D4  0F 84 FFFFFF43	     je KeyWait         ;// se pos%78 = 0, então não é valido

 000006DA  66| A1		     mov ax, posHeroi
	   0000061A R
				     ;// Checa se existe uma parede:
 000006E0  66| 48		     dec ax
 000006E2  8A 1D 00000620 R	     mov bl, paredeChar
 000006E8  38 1C 06		     cmp [esi+eax], bl
 000006EB  0F 84 FFFFFF2C	     je KeyWait
				     ;// Move caso válido
 000006F1  8A 1D 00000621 R	     mov bl, vazioChar
 000006F7  38 1C 06		     cmp [esi + eax], bl
 000006FA  0F 84 0000009B	     je MovLeft
				     ;// Colisão com escada
 00000700  8A 1D 0000061F R	     mov bl, EscadaChar
 00000706  38 1C 06		     cmp[esi + eax], bl
 00000709  0F 84 000000D0	     je colisaoEscada
				     ;// -------------------------- INSERIR COLISÕES

 0000070F			KeyRight:
 0000070F  66| A1		     mov ax, PosHeroi
	   0000061A R
 00000715  66| 40		     inc ax         ;// ax = pos+1
 00000717  B3 4E		     mov bl, 78
 00000719  F6 F3		     div bl         ;// (pos+1)/78 - Resto fica em AH
 0000071B  80 FC 00		     cmp ah, 0
 0000071E  0F 84 FFFFFEF9	     je KeyWait     ;// se (pos+1)%78 = 0, então não é valido

 00000724  66| A1		     mov ax, posHeroi
	   0000061A R
				     ;// Checa se existe uma parede:
 0000072A  66| 40		     inc ax
 0000072C  8A 1D 00000620 R	     mov bl, paredeChar
 00000732  38 1C 06		     cmp[esi + eax], bl
 00000735  0F 84 FFFFFEE2	     je KeyWait
				     ;// Move caso válido
 0000073B  8A 1D 00000621 R	     mov bl, vazioChar
 00000741  38 1C 06		     cmp[esi + eax], bl
 00000744  74 77		     je MovRight
				     ;// Colisão com escada
 00000746  8A 1D 0000061F R	     mov bl, EscadaChar
 0000074C  38 1C 06		     cmp[esi + eax], bl
 0000074F  0F 84 0000008A	     je colisaoEscada
				     ;// -------------------------- INSERIR COLISÕES

 00000755			MovUp:
 00000755  66| 83 2D		     sub posHeroi, 78
	   0000061A R 4E
 0000075D  66| A1		     mov ax, posHeroi
	   0000061A R
 00000763  8A 1D 00000621 R	     mov bl, vazioChar
 00000769  88 5C 06 4E		     mov [esi + eax + 78], bl   ;// Limpa posição atual
 0000076D  8A 1D 0000061C R	     mov bl, HeroiChar
 00000773  88 1C 06		     mov [esi + eax], bl ; // Adiciona o heroi na nova posição
 00000776  EB 70		     jmp EndInput

 00000778			MovDown :
 00000778  66| 83 05		     add posHeroi, 78
	   0000061A R 4E
 00000780  66| A1		     mov ax, posHeroi
	   0000061A R
 00000786  8A 1D 00000621 R	     mov bl, vazioChar
 0000078C  88 5C 06 B2		     mov[esi + eax - 78], bl   ;// Limpa posição atual
 00000790  8A 1D 0000061C R	     mov bl, HeroiChar
 00000796  88 1C 06		     mov[esi + eax], bl ; // Adiciona o heroi na nova posição
 00000799  EB 4D		     jmp EndInput

 0000079B			MovLeft :
 0000079B  66| FF 0D		     dec posHeroi
	   0000061A R
 000007A2  66| A1		     mov ax, posHeroi
	   0000061A R
 000007A8  8A 1D 00000621 R	     mov bl, vazioChar
 000007AE  88 5C 06 01		     mov[esi + eax + 1], bl;// Limpa posição atual
 000007B2  8A 1D 0000061C R	     mov bl, HeroiChar
 000007B8  88 1C 06		     mov[esi + eax], bl; // Adiciona o heroi na nova posição
 000007BB  EB 2B		     jmp EndInput

 000007BD			MovRight :
 000007BD  66| FF 05		     inc posHeroi
	   0000061A R
 000007C4  66| A1		     mov ax, posHeroi
	   0000061A R
 000007CA  8A 1D 00000621 R	     mov bl, vazioChar
 000007D0  88 5C 06 FF		     mov[esi + eax - 1], bl;// Limpa posição atual
 000007D4  8A 1D 0000061C R	     mov bl, HeroiChar
 000007DA  88 1C 06		     mov[esi + eax], bl; // Adiciona o heroi na nova posição
 000007DD  EB 09		     jmp EndInput

 000007DF			colisaoEscada:
 000007DF  C6 05 00000623 R	     mov inStairs, 1
	   01
 000007E6  EB 00		     jmp EndInput


 000007E8			EndInput:     
				     ret
 000007E8  5B		   *	    pop    ebx
 000007E9  5A		   *	    pop    edx
 000007EA  5E		   *	    pop    esi
 000007EB  58		   *	    pop    eax
 000007EC  C3		   *	    ret    00000h
 000007ED			PlayerMove ENDP

				;// -------------------------------------------------------------------------
				;//  PROCEDIMENTO: main
				;// -------------------------------------------------------------------------
				;//	 OBJETIVO: Procedimento principal do jogo
				;//  PARÂMETROS: Não Possui
				;//  RETORNO: Não Possui
				;// -------------------------------------------------------------------------
 000007ED			main PROC
 000007ED  E8 00000000 E	     call Randomize;// Randomiza a seed
					invoke SetConsoleTitle, OFFSET ctitle	;// Muda o título do terminal
 000007F2  68 0000065C R   *	    push   dword  ptr OFFSET FLAT: ctitle
 000007F7  E8 00000000 E   *	    call   SetConsoleTitleA
 000007FC  E8 FFFFF7FF			call HideCursor							;// Esconde o cursor piscante
 00000801  B1 00			mov cl, 0								;// Inicia o seletor do menu na primeira opção
 00000803  E8 FFFFF82F			call ShowMenu							;// Mostra o menu principal

 00000808			main ENDP
				END main
Microsoft (R) Macro Assembler Version 14.14.26429.4	    07/01/18 15:47:27
MASMorra.asm						     Symbols 2 - 1




Structures and Unions:

                N a m e                  Size
                                         Offset      Type

CONSOLE_CURSOR_INFO  . . . . . .	 00000008
  dwSize . . . . . . . . . . . .	 00000000	 DWord
  bVisible . . . . . . . . . . .	 00000004	 DWord
CONSOLE_SCREEN_BUFFER_INFO . . .	 00000016
  dwSize . . . . . . . . . . . .	 00000000	 DWord
  dwCursorPosition . . . . . . .	 00000004	 DWord
  wAttributes  . . . . . . . . .	 00000008	 Word
  srWindow . . . . . . . . . . .	 0000000A	 QWord
  dwMaximumWindowSize  . . . . .	 00000012	 DWord
COORD  . . . . . . . . . . . . .	 00000004
  X  . . . . . . . . . . . . . .	 00000000	 Word
  Y  . . . . . . . . . . . . . .	 00000002	 Word
FILETIME . . . . . . . . . . . .	 00000008
  loDateTime . . . . . . . . . .	 00000000	 DWord
  hiDateTime . . . . . . . . . .	 00000004	 DWord
FOCUS_EVENT_RECORD . . . . . . .	 00000004
  bSetFocus  . . . . . . . . . .	 00000000	 DWord
FPU_ENVIRON  . . . . . . . . . .	 0000001C
  controlWord  . . . . . . . . .	 00000000	 Word
  statusWord . . . . . . . . . .	 00000004	 Word
  tagWord  . . . . . . . . . . .	 00000008	 Word
  instrPointerOffset . . . . . .	 0000000C	 DWord
  instrPointerSelector . . . . .	 00000010	 DWord
  operandPointerOffset . . . . .	 00000014	 DWord
  operandPointerSelector . . . .	 00000018	 Word
INPUT_RECORD . . . . . . . . . .	 00000014
  EventType  . . . . . . . . . .	 00000000	 Word
  Event  . . . . . . . . . . . .	 00000004	 XmmWord
  bKeyDown . . . . . . . . . . .	 00000000	 DWord
  wRepeatCount . . . . . . . . .	 00000004	 Word
  wVirtualKeyCode  . . . . . . .	 00000006	 Word
  wVirtualScanCode . . . . . . .	 00000008	 Word
  uChar  . . . . . . . . . . . .	 0000000A	 Word
  UnicodeChar  . . . . . . . . .	 00000000	 Word
  AsciiChar  . . . . . . . . . .	 00000000	 Byte
  dwControlKeyState  . . . . . .	 0000000C	 DWord
  dwMousePosition  . . . . . . .	 00000000	 DWord
  dwButtonState  . . . . . . . .	 00000004	 DWord
  dwMouseControlKeyState . . . .	 00000008	 DWord
  dwEventFlags . . . . . . . . .	 0000000C	 DWord
  dwSize . . . . . . . . . . . .	 00000000	 DWord
  dwCommandId  . . . . . . . . .	 00000000	 DWord
  bSetFocus  . . . . . . . . . .	 00000000	 DWord
KEY_EVENT_RECORD . . . . . . . .	 00000010
  bKeyDown . . . . . . . . . . .	 00000000	 DWord
  wRepeatCount . . . . . . . . .	 00000004	 Word
  wVirtualKeyCode  . . . . . . .	 00000006	 Word
  wVirtualScanCode . . . . . . .	 00000008	 Word
  uChar  . . . . . . . . . . . .	 0000000A	 Word
  UnicodeChar  . . . . . . . . .	 00000000	 Word
  AsciiChar  . . . . . . . . . .	 00000000	 Byte
  dwControlKeyState  . . . . . .	 0000000C	 DWord
MENU_EVENT_RECORD  . . . . . . .	 00000004
  dwCommandId  . . . . . . . . .	 00000000	 DWord
MOUSE_EVENT_RECORD . . . . . . .	 00000010
  dwMousePosition  . . . . . . .	 00000000	 DWord
  dwButtonState  . . . . . . . .	 00000004	 DWord
  dwMouseControlKeyState . . . .	 00000008	 DWord
  dwEventFlags . . . . . . . . .	 0000000C	 DWord
SMALL_RECT . . . . . . . . . . .	 00000008
  Left . . . . . . . . . . . . .	 00000000	 Word
  Top  . . . . . . . . . . . . .	 00000002	 Word
  Right  . . . . . . . . . . . .	 00000004	 Word
  Bottom . . . . . . . . . . . .	 00000006	 Word
SYSTEMTIME . . . . . . . . . . .	 00000010
  wYear  . . . . . . . . . . . .	 00000000	 Word
  wMonth . . . . . . . . . . . .	 00000002	 Word
  wDayOfWeek . . . . . . . . . .	 00000004	 Word
  wDay . . . . . . . . . . . . .	 00000006	 Word
  wHour  . . . . . . . . . . . .	 00000008	 Word
  wMinute  . . . . . . . . . . .	 0000000A	 Word
  wSecond  . . . . . . . . . . .	 0000000C	 Word
  wMilliseconds  . . . . . . . .	 0000000E	 Word
WINDOW_BUFFER_SIZE_RECORD  . . .	 00000004
  dwSize . . . . . . . . . . . .	 00000000	 DWord


Segments and Groups:

                N a m e                 Size     Length   Align   Combine Class

FLAT . . . . . . . . . . . . . .	GROUP
STACK  . . . . . . . . . . . . .	32 Bit	 00001000 Para	  Stack	  'STACK'	 
_DATA  . . . . . . . . . . . . .	32 Bit	 00001870 Para	  Public  'DATA'	
_TEXT  . . . . . . . . . . . . .	32 Bit	 00000808 Para	  Public  'CODE'	


Procedures, parameters, and locals:

                N a m e                 Type     Value    Attr

ChangeMenuSel  . . . . . . . . .	P Near	 000000A2 _TEXT	Length= 00000025 Public STDCALL
CloseFile  . . . . . . . . . . .	P Near	 00000000 FLAT	Length= 00000000 External STDCALL
CloseHandle  . . . . . . . . . .	P Near	 00000000 FLAT	Length= 00000000 External STDCALL
Clrscr . . . . . . . . . . . . .	P Near	 00000000 FLAT	Length= 00000000 External STDCALL
CreateFileA  . . . . . . . . . .	P Near	 00000000 FLAT	Length= 00000000 External STDCALL
CreateOutputFile . . . . . . . .	P Near	 00000000 FLAT	Length= 00000000 External STDCALL
Crlf . . . . . . . . . . . . . .	P Near	 00000000 FLAT	Length= 00000000 External STDCALL
Delay  . . . . . . . . . . . . .	P Near	 00000000 FLAT	Length= 00000000 External STDCALL
DoMenuSel  . . . . . . . . . . .	P Near	 000000C7 _TEXT	Length= 0000006F Public STDCALL
  opNovoJogo . . . . . . . . . .	L Near	 000000E7 _TEXT	
  opConquistas . . . . . . . . .	L Near	 000000EE _TEXT	
  opAjuda  . . . . . . . . . . .	L Near	 000000FF _TEXT	
  opConfig . . . . . . . . . . .	L Near	 00000110 _TEXT	
  MenuRetWait  . . . . . . . . .	L Near	 0000011F _TEXT	
DumpMem  . . . . . . . . . . . .	P Near	 00000000 FLAT	Length= 00000000 External STDCALL
DumpRegs . . . . . . . . . . . .	P Near	 00000000 FLAT	Length= 00000000 External STDCALL
ExitProcess  . . . . . . . . . .	P Near	 00000000 FLAT	Length= 00000000 External STDCALL
FileTimeToDosDateTime  . . . . .	P Near	 00000000 FLAT	Length= 00000000 External STDCALL
FileTimeToSystemTime . . . . . .	P Near	 00000000 FLAT	Length= 00000000 External STDCALL
FlushConsoleInputBuffer  . . . .	P Near	 00000000 FLAT	Length= 00000000 External STDCALL
FormatMessageA . . . . . . . . .	P Near	 00000000 FLAT	Length= 00000000 External STDCALL
GeraMapa . . . . . . . . . . . .	P Near	 000003EC _TEXT	Length= 000001D5 Public STDCALL
  WL1  . . . . . . . . . . . . .	L Near	 00000434 _TEXT	
  MoveNorth  . . . . . . . . . .	L Near	 00000497 _TEXT	
  MNC  . . . . . . . . . . . . .	L Near	 0000049F _TEXT	
  NowriteN . . . . . . . . . . .	L Near	 000004C6 _TEXT	
  MoveEast . . . . . . . . . . .	L Near	 000004CD _TEXT	
  MEC  . . . . . . . . . . . . .	L Near	 000004D5 _TEXT	
  NowriteE . . . . . . . . . . .	L Near	 0000050D _TEXT	
  MoveSouth  . . . . . . . . . .	L Near	 00000514 _TEXT	
  MSC  . . . . . . . . . . . . .	L Near	 0000051C _TEXT	
  NowriteS . . . . . . . . . . .	L Near	 0000054B _TEXT	
  MoveWest . . . . . . . . . . .	L Near	 00000552 _TEXT	
  MWC  . . . . . . . . . . . . .	L Near	 0000055A _TEXT	
  NowriteW . . . . . . . . . . .	L Near	 00000590 _TEXT	
  Fim  . . . . . . . . . . . . .	L Near	 00000597 _TEXT	
GetCommandLineA  . . . . . . . .	P Near	 00000000 FLAT	Length= 00000000 External STDCALL
GetCommandTail . . . . . . . . .	P Near	 00000000 FLAT	Length= 00000000 External STDCALL
GetConsoleCP . . . . . . . . . .	P Near	 00000000 FLAT	Length= 00000000 External STDCALL
GetConsoleCursorInfo . . . . . .	P Near	 00000000 FLAT	Length= 00000000 External STDCALL
GetConsoleMode . . . . . . . . .	P Near	 00000000 FLAT	Length= 00000000 External STDCALL
GetConsoleScreenBufferInfo . . .	P Near	 00000000 FLAT	Length= 00000000 External STDCALL
GetDateTime  . . . . . . . . . .	P Near	 00000000 FLAT	Length= 00000000 External STDCALL
GetFileTime  . . . . . . . . . .	P Near	 00000000 FLAT	Length= 00000000 External STDCALL
GetKeyState  . . . . . . . . . .	P Near	 00000000 FLAT	Length= 00000000 External STDCALL
GetLastError . . . . . . . . . .	P Near	 00000000 FLAT	Length= 00000000 External STDCALL
GetLocalTime . . . . . . . . . .	P Near	 00000000 FLAT	Length= 00000000 External STDCALL
GetMaxXY . . . . . . . . . . . .	P Near	 00000000 FLAT	Length= 00000000 External STDCALL
GetMseconds  . . . . . . . . . .	P Near	 00000000 FLAT	Length= 00000000 External STDCALL
GetNumberOfConsoleInputEvents  .	P Near	 00000000 FLAT	Length= 00000000 External STDCALL
GetProcessHeap . . . . . . . . .	P Near	 00000000 FLAT	Length= 00000000 External STDCALL
GetStdHandle . . . . . . . . . .	P Near	 00000000 FLAT	Length= 00000000 External STDCALL
GetSystemTime  . . . . . . . . .	P Near	 00000000 FLAT	Length= 00000000 External STDCALL
GetTextColor . . . . . . . . . .	P Near	 00000000 FLAT	Length= 00000000 External STDCALL
GetTickCount . . . . . . . . . .	P Near	 00000000 FLAT	Length= 00000000 External STDCALL
Gotoxy . . . . . . . . . . . . .	P Near	 00000000 FLAT	Length= 00000000 External STDCALL
HeapAlloc  . . . . . . . . . . .	P Near	 00000000 FLAT	Length= 00000000 External STDCALL
HeapCreate . . . . . . . . . . .	P Near	 00000000 FLAT	Length= 00000000 External STDCALL
HeapDestroy  . . . . . . . . . .	P Near	 00000000 FLAT	Length= 00000000 External STDCALL
HeapFree . . . . . . . . . . . .	P Near	 00000000 FLAT	Length= 00000000 External STDCALL
HeapSize . . . . . . . . . . . .	P Near	 00000000 FLAT	Length= 00000000 External STDCALL
HideCursor . . . . . . . . . . .	P Near	 00000000 _TEXT	Length= 00000037 Public STDCALL
IsDigit  . . . . . . . . . . . .	P Near	 00000000 FLAT	Length= 00000000 External STDCALL
LimpaTela  . . . . . . . . . . .	P Near	 00000136 _TEXT	Length= 00000057 Public STDCALL
  LLP1 . . . . . . . . . . . . .	L Near	 00000159 _TEXT	
  LLP2 . . . . . . . . . . . . .	L Near	 00000168 _TEXT	
LocalFree  . . . . . . . . . . .	P Near	 00000000 FLAT	Length= 00000000 External STDCALL
MainGame . . . . . . . . . . . .	P Near	 000005C1 _TEXT	Length= 00000053 Public STDCALL
  InitAll  . . . . . . . . . . .	L Near	 000005C1 _TEXT	
  InitLevel  . . . . . . . . . .	L Near	 000005D6 _TEXT	
  gameloop . . . . . . . . . . .	L Near	 000005EA _TEXT	
  NextLevel  . . . . . . . . . .	L Near	 00000604 _TEXT	
MessageBoxA  . . . . . . . . . .	P Near	 00000000 FLAT	Length= 00000000 External STDCALL
MsgBoxAsk  . . . . . . . . . . .	P Near	 00000000 FLAT	Length= 00000000 External STDCALL
MsgBox . . . . . . . . . . . . .	P Near	 00000000 FLAT	Length= 00000000 External STDCALL
OpenInputFile  . . . . . . . . .	P Near	 00000000 FLAT	Length= 00000000 External STDCALL
ParseDecimal32 . . . . . . . . .	P Near	 00000000 FLAT	Length= 00000000 External STDCALL
ParseInteger32 . . . . . . . . .	P Near	 00000000 FLAT	Length= 00000000 External STDCALL
PeekConsoleInputA  . . . . . . .	P Near	 00000000 FLAT	Length= 00000000 External STDCALL
PlayerMove . . . . . . . . . . .	P Near	 00000614 _TEXT	Length= 000001D9 Public STDCALL
  KeyWait  . . . . . . . . . . .	L Near	 0000061D _TEXT	
  KeyUp  . . . . . . . . . . . .	L Near	 00000650 _TEXT	
  KeyDown  . . . . . . . . . . .	L Near	 00000688 _TEXT	
  KeyLeft  . . . . . . . . . . .	L Near	 000006C7 _TEXT	
  KeyRight . . . . . . . . . . .	L Near	 0000070F _TEXT	
  MovUp  . . . . . . . . . . . .	L Near	 00000755 _TEXT	
  MovDown  . . . . . . . . . . .	L Near	 00000778 _TEXT	
  MovLeft  . . . . . . . . . . .	L Near	 0000079B _TEXT	
  MovRight . . . . . . . . . . .	L Near	 000007BD _TEXT	
  colisaoEscada  . . . . . . . .	L Near	 000007DF _TEXT	
  EndInput . . . . . . . . . . .	L Near	 000007E8 _TEXT	
PrintMapa  . . . . . . . . . . .	P Near	 00000332 _TEXT	Length= 00000098 Public STDCALL
  L1 . . . . . . . . . . . . . .	L Near	 00000353 _TEXT	
  L2 . . . . . . . . . . . . . .	L Near	 00000361 _TEXT	
  Default  . . . . . . . . . . .	L Near	 00000374 _TEXT	
  Hero . . . . . . . . . . . . .	L Near	 0000037B _TEXT	
  Escada . . . . . . . . . . . .	L Near	 00000398 _TEXT	
  DefLoop  . . . . . . . . . . .	L Near	 000003B5 _TEXT	
Random32 . . . . . . . . . . . .	P Near	 00000000 FLAT	Length= 00000000 External STDCALL
RandomRange  . . . . . . . . . .	P Near	 00000000 FLAT	Length= 00000000 External STDCALL
Randomize  . . . . . . . . . . .	P Near	 00000000 FLAT	Length= 00000000 External STDCALL
ReadChar . . . . . . . . . . . .	P Near	 00000000 FLAT	Length= 00000000 External STDCALL
ReadConsoleA . . . . . . . . . .	P Near	 00000000 FLAT	Length= 00000000 External STDCALL
ReadConsoleInputA  . . . . . . .	P Near	 00000000 FLAT	Length= 00000000 External STDCALL
ReadDec  . . . . . . . . . . . .	P Near	 00000000 FLAT	Length= 00000000 External STDCALL
ReadFile . . . . . . . . . . . .	P Near	 00000000 FLAT	Length= 00000000 External STDCALL
ReadFloat  . . . . . . . . . . .	P Near	 00000000 FLAT	Length= 00000000 External STDCALL
ReadFromFile . . . . . . . . . .	P Near	 00000000 FLAT	Length= 00000000 External STDCALL
ReadHex  . . . . . . . . . . . .	P Near	 00000000 FLAT	Length= 00000000 External STDCALL
ReadInt  . . . . . . . . . . . .	P Near	 00000000 FLAT	Length= 00000000 External STDCALL
ReadKeyFlush . . . . . . . . . .	P Near	 00000000 FLAT	Length= 00000000 External STDCALL
ReadKey  . . . . . . . . . . . .	P Near	 00000000 FLAT	Length= 00000000 External STDCALL
ReadString . . . . . . . . . . .	P Near	 00000000 FLAT	Length= 00000000 External STDCALL
ResetMapa  . . . . . . . . . . .	P Near	 000003CA _TEXT	Length= 00000022 Public STDCALL
  L1 . . . . . . . . . . . . . .	L Near	 000003DC _TEXT	
SetConsoleCursorInfo . . . . . .	P Near	 00000000 FLAT	Length= 00000000 External STDCALL
SetConsoleCursorPosition . . . .	P Near	 00000000 FLAT	Length= 00000000 External STDCALL
SetConsoleMode . . . . . . . . .	P Near	 00000000 FLAT	Length= 00000000 External STDCALL
SetConsoleScreenBufferSize . . .	P Near	 00000000 FLAT	Length= 00000000 External STDCALL
SetConsoleTextAttribute  . . . .	P Near	 00000000 FLAT	Length= 00000000 External STDCALL
SetConsoleTitleA . . . . . . . .	P Near	 00000000 FLAT	Length= 00000000 External STDCALL
SetConsoleWindowInfo . . . . . .	P Near	 00000000 FLAT	Length= 00000000 External STDCALL
SetFilePointer . . . . . . . . .	P Near	 00000000 FLAT	Length= 00000000 External STDCALL
SetLocalTime . . . . . . . . . .	P Near	 00000000 FLAT	Length= 00000000 External STDCALL
SetTextColor . . . . . . . . . .	P Near	 00000000 FLAT	Length= 00000000 External STDCALL
ShowFPUStack . . . . . . . . . .	P Near	 00000000 FLAT	Length= 00000000 External STDCALL
ShowMenu . . . . . . . . . . . .	P Near	 00000037 _TEXT	Length= 0000006B Public STDCALL
  MENUL  . . . . . . . . . . . .	L Near	 0000005C _TEXT	
  BAIXO  . . . . . . . . . . . .	L Near	 00000082 _TEXT	
  CIMA . . . . . . . . . . . . .	L Near	 00000092 _TEXT	
Sleep  . . . . . . . . . . . . .	P Near	 00000000 FLAT	Length= 00000000 External STDCALL
StrLength  . . . . . . . . . . .	P Near	 00000000 FLAT	Length= 00000000 External STDCALL
Str_compare  . . . . . . . . . .	P Near	 00000000 FLAT	Length= 00000000 External STDCALL
Str_copy . . . . . . . . . . . .	P Near	 00000000 FLAT	Length= 00000000 External STDCALL
Str_length . . . . . . . . . . .	P Near	 00000000 FLAT	Length= 00000000 External STDCALL
Str_trim . . . . . . . . . . . .	P Near	 00000000 FLAT	Length= 00000000 External STDCALL
Str_ucase  . . . . . . . . . . .	P Near	 00000000 FLAT	Length= 00000000 External STDCALL
SystemTimeToFileTime . . . . . .	P Near	 00000000 FLAT	Length= 00000000 External STDCALL
WaitMsg  . . . . . . . . . . . .	P Near	 00000000 FLAT	Length= 00000000 External STDCALL
WriteBinB  . . . . . . . . . . .	P Near	 00000000 FLAT	Length= 00000000 External STDCALL
WriteBin . . . . . . . . . . . .	P Near	 00000000 FLAT	Length= 00000000 External STDCALL
WriteChar  . . . . . . . . . . .	P Near	 00000000 FLAT	Length= 00000000 External STDCALL
WriteConsoleA  . . . . . . . . .	P Near	 00000000 FLAT	Length= 00000000 External STDCALL
WriteConsoleOutputAttribute  . .	P Near	 00000000 FLAT	Length= 00000000 External STDCALL
WriteConsoleOutputCharacterA . .	P Near	 00000000 FLAT	Length= 00000000 External STDCALL
WriteDec . . . . . . . . . . . .	P Near	 00000000 FLAT	Length= 00000000 External STDCALL
WriteFile  . . . . . . . . . . .	P Near	 00000000 FLAT	Length= 00000000 External STDCALL
WriteFloat . . . . . . . . . . .	P Near	 00000000 FLAT	Length= 00000000 External STDCALL
WriteHexB  . . . . . . . . . . .	P Near	 00000000 FLAT	Length= 00000000 External STDCALL
WriteHex . . . . . . . . . . . .	P Near	 00000000 FLAT	Length= 00000000 External STDCALL
WriteInt . . . . . . . . . . . .	P Near	 00000000 FLAT	Length= 00000000 External STDCALL
WriteStackFrameName  . . . . . .	P Near	 00000000 FLAT	Length= 00000000 External STDCALL
WriteStackFrame  . . . . . . . .	P Near	 00000000 FLAT	Length= 00000000 External STDCALL
WriteString  . . . . . . . . . .	P Near	 00000000 FLAT	Length= 00000000 External STDCALL
WriteToFile  . . . . . . . . . .	P Near	 00000000 FLAT	Length= 00000000 External STDCALL
WriteWindowsMsg  . . . . . . . .	P Near	 00000000 FLAT	Length= 00000000 External STDCALL
drawBordas . . . . . . . . . . .	P Near	 0000018D _TEXT	Length= 0000013A Public STDCALL
  L1 . . . . . . . . . . . . . .	L Near	 000001AD _TEXT	
  L2 . . . . . . . . . . . . . .	L Near	 000001C9 _TEXT	
  L3 . . . . . . . . . . . . . .	L Near	 0000020E _TEXT	
  L4 . . . . . . . . . . . . . .	L Near	 00000249 _TEXT	
  L5 . . . . . . . . . . . . . .	L Near	 00000277 _TEXT	
  L6 . . . . . . . . . . . . . .	L Near	 00000293 _TEXT	
drawStatus . . . . . . . . . . .	P Near	 000002C7 _TEXT	Length= 0000006B Public STDCALL
main . . . . . . . . . . . . . .	P Near	 000007ED _TEXT	Length= 0000001B Public STDCALL
printf . . . . . . . . . . . . .	P Near	 00000000 FLAT	Length= 00000000 External C
scanf  . . . . . . . . . . . . .	P Near	 00000000 FLAT	Length= 00000000 External C
wsprintfA  . . . . . . . . . . .	P Near	 00000000 FLAT	Length= 00000000 External C


Symbols:

                N a m e                 Type     Value    Attr

@CodeSize  . . . . . . . . . . .	Number	 00000000h   
@DataSize  . . . . . . . . . . .	Number	 00000000h   
@Interface . . . . . . . . . . .	Number	 00000003h   
@Model . . . . . . . . . . . . .	Number	 00000007h   
@code  . . . . . . . . . . . . .	Text   	 _TEXT
@data  . . . . . . . . . . . . .	Text   	 FLAT
@fardata?  . . . . . . . . . . .	Text   	 FLAT
@fardata . . . . . . . . . . . .	Text   	 FLAT
@stack . . . . . . . . . . . . .	Text   	 FLAT
ALT_MASK . . . . . . . . . . . .	Number	 00000003h   
Attack . . . . . . . . . . . . .	Byte	 00000636 _DATA	
CAPSLOCK_ON  . . . . . . . . . .	Number	 00000080h   
COLS . . . . . . . . . . . . . .	Number	 00000050h   
CREATE_ALWAYS  . . . . . . . . .	Number	 00000002h   
CREATE_NEW . . . . . . . . . . .	Number	 00000001h   
CTRL_MASK  . . . . . . . . . . .	Number	 0000000Ch   
CreateFile . . . . . . . . . . .	Text   	 CreateFileA
DO_NOT_SHARE . . . . . . . . . .	Number	 00000000h   
ENABLE_ECHO_INPUT  . . . . . . .	Number	 00000004h   
ENABLE_LINE_INPUT  . . . . . . .	Number	 00000002h   
ENABLE_MOUSE_INPUT . . . . . . .	Number	 00000010h   
ENABLE_PROCESSED_INPUT . . . . .	Number	 00000001h   
ENABLE_PROCESSED_OUTPUT  . . . .	Number	 00000001h   
ENABLE_WINDOW_INPUT  . . . . . .	Number	 00000008h   
ENABLE_WRAP_AT_EOL_OUTPUT  . . .	Number	 00000002h   
ENHANCED_KEY . . . . . . . . . .	Number	 00000100h   
EscadaChar . . . . . . . . . . .	Byte	 0000061F _DATA	
FALSE  . . . . . . . . . . . . .	Number	 00000000h   
FILE_APPEND_DATA . . . . . . . .	Number	 00000004h   
FILE_ATTRIBUTE_ARCHIVE . . . . .	Number	 00000020h   
FILE_ATTRIBUTE_COMPRESSED  . . .	Number	 00000800h   
FILE_ATTRIBUTE_DEVICE  . . . . .	Number	 00000040h   
FILE_ATTRIBUTE_DIRECTORY . . . .	Number	 00000010h   
FILE_ATTRIBUTE_ENCRYPTED . . . .	Number	 00004000h   
FILE_ATTRIBUTE_HIDDEN  . . . . .	Number	 00000002h   
FILE_ATTRIBUTE_NORMAL  . . . . .	Number	 00000080h   
FILE_ATTRIBUTE_NOT_CONTENT_INDEXED .	Number	 00002000h   
FILE_ATTRIBUTE_OFFLINE . . . . .	Number	 00001000h   
FILE_ATTRIBUTE_READONLY  . . . .	Number	 00000001h   
FILE_ATTRIBUTE_REPARSE_POINT . .	Number	 00000400h   
FILE_ATTRIBUTE_SPARSE_FILE . . .	Number	 00000200h   
FILE_ATTRIBUTE_SYSTEM  . . . . .	Number	 00000004h   
FILE_ATTRIBUTE_TEMPORARY . . . .	Number	 00000100h   
FILE_BEGIN . . . . . . . . . . .	Number	 00000000h   
FILE_CURRENT . . . . . . . . . .	Number	 00000001h   
FILE_DELETE_CHILD  . . . . . . .	Number	 00000040h   
FILE_END . . . . . . . . . . . .	Number	 00000002h   
FILE_READ_DATA . . . . . . . . .	Number	 00000001h   
FILE_SHARE_DELETE  . . . . . . .	Number	 00000004h   
FILE_SHARE_READ  . . . . . . . .	Number	 00000001h   
FILE_SHARE_WRITE . . . . . . . .	Number	 00000002h   
FILE_WRITE_DATA  . . . . . . . .	Number	 00000002h   
FOCUS_EVENT  . . . . . . . . . .	Number	 00000010h   
FORMAT_MESSAGE_ALLOCATE_BUFFER .	Number	 00000100h   
FORMAT_MESSAGE_FROM_SYSTEM . . .	Number	 00001000h   
FormatMessage  . . . . . . . . .	Text   	 FormatMessageA
GENERIC_ALL  . . . . . . . . . .	Number	 10000000h   
GENERIC_EXECUTE  . . . . . . . .	Number	 20000000h   
GENERIC_READ . . . . . . . . . .	Number	 -80000000h   
GENERIC_WRITE  . . . . . . . . .	Number	 40000000h   
GetCommandLine . . . . . . . . .	Text   	 GetCommandLineA
Gold . . . . . . . . . . . . . .	Byte	 00000640 _DATA	
HANDLE . . . . . . . . . . . . .	Text   	 DWORD
HEAP_GENERATE_EXCEPTIONS . . . .	Number	 00000004h   
HEAP_GROWABLE  . . . . . . . . .	Number	 00000002h   
HEAP_NO_SERIALIZE  . . . . . . .	Number	 00000001h   
HEAP_REALLOC_IN_PLACE_ONLY . . .	Number	 00000010h   
HEAP_ZERO_MEMORY . . . . . . . .	Number	 00000008h   
Health . . . . . . . . . . . . .	Byte	 0000062C _DATA	
HeroiChar  . . . . . . . . . . .	Byte	 0000061C _DATA	
IDABORT  . . . . . . . . . . . .	Number	 00000003h   
IDCANCEL . . . . . . . . . . . .	Number	 00000002h   
IDCLOSE  . . . . . . . . . . . .	Number	 00000008h   
IDCONTINUE . . . . . . . . . . .	Number	 0000000Bh   
IDHELP . . . . . . . . . . . . .	Number	 00000009h   
IDIGNORE . . . . . . . . . . . .	Number	 00000005h   
IDNO . . . . . . . . . . . . . .	Number	 00000007h   
IDOK . . . . . . . . . . . . . .	Number	 00000001h   
IDRETRY  . . . . . . . . . . . .	Number	 00000004h   
IDTIMEOUT  . . . . . . . . . . .	Number	 00007D00h   
IDTRYAGAIN . . . . . . . . . . .	Number	 0000000Ah   
IDYES  . . . . . . . . . . . . .	Number	 00000006h   
INVALID_HANDLE_VALUE . . . . . .	Number	 -00000001h   
KBDOWN_FLAG  . . . . . . . . . .	Number	 00000001h   
KEY_EVENT  . . . . . . . . . . .	Number	 00000001h   
KEY_MASKS  . . . . . . . . . . .	Number	 0000001Fh   
LEFT_ALT_PRESSED . . . . . . . .	Number	 00000002h   
LEFT_CTRL_PRESSED  . . . . . . .	Number	 00000008h   
Level  . . . . . . . . . . . . .	Byte	 00000622 _DATA	
MAPCOLS  . . . . . . . . . . . .	Number	 0000004Eh   
MAPROWS  . . . . . . . . . . . .	Number	 00000014h   
MB_ABORTRETRYIGNORE  . . . . . .	Number	 00000002h   
MB_APPLMODAL . . . . . . . . . .	Number	 00000000h   
MB_CANCELTRYCONTINUE . . . . . .	Number	 00000006h   
MB_DEFBUTTON1  . . . . . . . . .	Number	 00000000h   
MB_DEFBUTTON2  . . . . . . . . .	Number	 00000100h   
MB_DEFBUTTON3  . . . . . . . . .	Number	 00000200h   
MB_DEFBUTTON4  . . . . . . . . .	Number	 00000300h   
MB_HELP  . . . . . . . . . . . .	Number	 00004000h   
MB_ICONASTERISK  . . . . . . . .	Number	 00000040h   
MB_ICONERROR . . . . . . . . . .	Number	 00000010h   
MB_ICONEXCLAMATION . . . . . . .	Number	 00000030h   
MB_ICONHAND  . . . . . . . . . .	Number	 00000010h   
MB_ICONINFORMATION . . . . . . .	Number	 00000040h   
MB_ICONQUESTION  . . . . . . . .	Number	 00000020h   
MB_ICONSTOP  . . . . . . . . . .	Number	 00000010h   
MB_ICONWARNING . . . . . . . . .	Number	 00000030h   
MB_OKCANCEL  . . . . . . . . . .	Number	 00000001h   
MB_OK  . . . . . . . . . . . . .	Number	 00000000h   
MB_RETRYCANCEL . . . . . . . . .	Number	 00000005h   
MB_SYSTEMMODAL . . . . . . . . .	Number	 00001000h   
MB_TASKMODAL . . . . . . . . . .	Number	 00002000h   
MB_USERICON  . . . . . . . . . .	Number	 00000080h   
MB_YESNOCANCEL . . . . . . . . .	Number	 00000003h   
MB_YESNO . . . . . . . . . . . .	Number	 00000004h   
MENUQNT  . . . . . . . . . . . .	Number	 00000005h   
MENU_EVENT . . . . . . . . . . .	Number	 00000008h   
MOUSE_EVENT  . . . . . . . . . .	Number	 00000002h   
Map  . . . . . . . . . . . . . .	Byte	 00000002 _DATA	
MessageBox . . . . . . . . . . .	Text   	 MessageBoxA
NULL . . . . . . . . . . . . . .	Number	 00000000h   
NUMLOCK_ON . . . . . . . . . . .	Number	 00000020h   
OPEN_ALWAYS  . . . . . . . . . .	Number	 00000004h   
OPEN_EXISTING  . . . . . . . . .	Number	 00000003h   
PeekConsoleInput . . . . . . . .	Text   	 PeekConsoleInputA
RIGHT_ALT_PRESSED  . . . . . . .	Number	 00000001h   
RIGHT_CTRL_PRESSED . . . . . . .	Number	 00000004h   
ROWS . . . . . . . . . . . . . .	Number	 00000019h   
ReadConsoleInput . . . . . . . .	Text   	 ReadConsoleInputA
ReadConsole  . . . . . . . . . .	Text   	 ReadConsoleA
SCROLLLOCK_ON  . . . . . . . . .	Number	 00000040h   
SHIFT_MASK . . . . . . . . . . .	Number	 00000010h   
SHIFT_PRESSED  . . . . . . . . .	Number	 00000010h   
STD_ERROR_HANDLE . . . . . . . .	Number	 -0000000Ch   
STD_INPUT_HANDLE . . . . . . . .	Number	 -0000000Ah   
STD_OUTPUT_HANDLE  . . . . . . .	Number	 -0000000Bh   
SetConsoleTitle  . . . . . . . .	Text   	 SetConsoleTitleA
StdOut . . . . . . . . . . . . .	DWord	 00000658 _DATA	
TAB  . . . . . . . . . . . . . .	Number	 00000009h   
TRUE . . . . . . . . . . . . . .	Number	 00000001h   
TRUNCATE_EXISTING  . . . . . . .	Number	 00000005h   
VK_11  . . . . . . . . . . . . .	Number	 000000BDh   
VK_12  . . . . . . . . . . . . .	Number	 000000BBh   
VK_ADD . . . . . . . . . . . . .	Number	 0000006Bh   
VK_BACK  . . . . . . . . . . . .	Number	 00000008h   
VK_CANCEL  . . . . . . . . . . .	Number	 00000003h   
VK_CAPITAL . . . . . . . . . . .	Number	 00000014h   
VK_CLEAR . . . . . . . . . . . .	Number	 0000000Ch   
VK_CONTROL . . . . . . . . . . .	Number	 00000011h   
VK_DECIMAL . . . . . . . . . . .	Number	 0000006Eh   
VK_DELETE  . . . . . . . . . . .	Number	 0000002Eh   
VK_DIVIDE  . . . . . . . . . . .	Number	 0000006Fh   
VK_DOWN  . . . . . . . . . . . .	Number	 00000028h   
VK_END . . . . . . . . . . . . .	Number	 00000023h   
VK_ESCAPE  . . . . . . . . . . .	Number	 0000001Bh   
VK_EXECUTE . . . . . . . . . . .	Number	 0000002Bh   
VK_F10 . . . . . . . . . . . . .	Number	 00000079h   
VK_F11 . . . . . . . . . . . . .	Number	 0000007Ah   
VK_F12 . . . . . . . . . . . . .	Number	 0000007Bh   
VK_F13 . . . . . . . . . . . . .	Number	 0000007Ch   
VK_F14 . . . . . . . . . . . . .	Number	 0000007Dh   
VK_F15 . . . . . . . . . . . . .	Number	 0000007Eh   
VK_F16 . . . . . . . . . . . . .	Number	 0000007Fh   
VK_F17 . . . . . . . . . . . . .	Number	 00000080h   
VK_F18 . . . . . . . . . . . . .	Number	 00000081h   
VK_F19 . . . . . . . . . . . . .	Number	 00000082h   
VK_F1  . . . . . . . . . . . . .	Number	 00000070h   
VK_F20 . . . . . . . . . . . . .	Number	 00000083h   
VK_F21 . . . . . . . . . . . . .	Number	 00000084h   
VK_F22 . . . . . . . . . . . . .	Number	 00000085h   
VK_F23 . . . . . . . . . . . . .	Number	 00000086h   
VK_F24 . . . . . . . . . . . . .	Number	 00000087h   
VK_F2  . . . . . . . . . . . . .	Number	 00000071h   
VK_F3  . . . . . . . . . . . . .	Number	 00000072h   
VK_F4  . . . . . . . . . . . . .	Number	 00000073h   
VK_F5  . . . . . . . . . . . . .	Number	 00000074h   
VK_F6  . . . . . . . . . . . . .	Number	 00000075h   
VK_F7  . . . . . . . . . . . . .	Number	 00000076h   
VK_F8  . . . . . . . . . . . . .	Number	 00000077h   
VK_F9  . . . . . . . . . . . . .	Number	 00000078h   
VK_HELP  . . . . . . . . . . . .	Number	 0000002Fh   
VK_HOME  . . . . . . . . . . . .	Number	 00000024h   
VK_INSERT  . . . . . . . . . . .	Number	 0000002Dh   
VK_LBUTTON . . . . . . . . . . .	Number	 00000001h   
VK_LCONTROL  . . . . . . . . . .	Number	 000000A2h   
VK_LEFT  . . . . . . . . . . . .	Number	 00000025h   
VK_LMENU . . . . . . . . . . . .	Number	 000000A4h   
VK_LSHIFT  . . . . . . . . . . .	Number	 000000A0h   
VK_MENU  . . . . . . . . . . . .	Number	 00000012h   
VK_MULTIPLY  . . . . . . . . . .	Number	 0000006Ah   
VK_NEXT  . . . . . . . . . . . .	Number	 00000022h   
VK_NUMLOCK . . . . . . . . . . .	Number	 00000090h   
VK_NUMPAD0 . . . . . . . . . . .	Number	 00000060h   
VK_NUMPAD1 . . . . . . . . . . .	Number	 00000061h   
VK_NUMPAD2 . . . . . . . . . . .	Number	 00000062h   
VK_NUMPAD3 . . . . . . . . . . .	Number	 00000063h   
VK_NUMPAD4 . . . . . . . . . . .	Number	 00000064h   
VK_NUMPAD5 . . . . . . . . . . .	Number	 00000065h   
VK_NUMPAD6 . . . . . . . . . . .	Number	 00000066h   
VK_NUMPAD7 . . . . . . . . . . .	Number	 00000067h   
VK_NUMPAD8 . . . . . . . . . . .	Number	 00000068h   
VK_NUMPAD9 . . . . . . . . . . .	Number	 00000069h   
VK_PAUSE . . . . . . . . . . . .	Number	 00000013h   
VK_PRINT . . . . . . . . . . . .	Number	 0000002Ah   
VK_PRIOR . . . . . . . . . . . .	Number	 00000021h   
VK_RBUTTON . . . . . . . . . . .	Number	 00000002h   
VK_RCONTROL  . . . . . . . . . .	Number	 000000A3h   
VK_RETURN  . . . . . . . . . . .	Number	 0000000Dh   
VK_RIGHT . . . . . . . . . . . .	Number	 00000027h   
VK_RMENU . . . . . . . . . . . .	Number	 000000A5h   
VK_RSHIFT  . . . . . . . . . . .	Number	 000000A1h   
VK_SCROLL  . . . . . . . . . . .	Number	 00000091h   
VK_SEPARATER . . . . . . . . . .	Number	 0000006Ch   
VK_SHIFT . . . . . . . . . . . .	Number	 00000010h   
VK_SNAPSHOT  . . . . . . . . . .	Number	 0000002Ch   
VK_SPACE . . . . . . . . . . . .	Number	 00000020h   
VK_SUBTRACT  . . . . . . . . . .	Number	 0000006Dh   
VK_TAB . . . . . . . . . . . . .	Number	 00000009h   
VK_UP  . . . . . . . . . . . . .	Number	 00000026h   
WINDOW_BUFFER_SIZE_EVENT . . . .	Number	 00000004h   
WriteConsoleOutputCharacter  . .	Text   	 WriteConsoleOutputCharacterA
WriteConsole . . . . . . . . . .	Text   	 WriteConsoleA
black  . . . . . . . . . . . . .	Number	 00000000h   
blue . . . . . . . . . . . . . .	Number	 00000001h   
brown  . . . . . . . . . . . . .	Number	 00000006h   
cci  . . . . . . . . . . . . . .	CONSOLE_CURSOR_INFO  00000650 _DATA	
ctitle . . . . . . . . . . . . .	Byte	 0000065C _DATA	
cyan . . . . . . . . . . . . . .	Number	 00000003h   
direction  . . . . . . . . . . .	Byte	 0000064C _DATA	
emptyCells . . . . . . . . . . .	Word	 00000648 _DATA	
emptyGoal  . . . . . . . . . . .	Word	 0000064A _DATA	
exit . . . . . . . . . . . . . .	Text   	 INVOKE ExitProcess,0
gray . . . . . . . . . . . . . .	Number	 00000008h   
green  . . . . . . . . . . . . .	Number	 00000002h   
inStairs . . . . . . . . . . . .	Byte	 00000623 _DATA	
lightBlue  . . . . . . . . . . .	Number	 00000009h   
lightCyan  . . . . . . . . . . .	Number	 0000000Bh   
lightGray  . . . . . . . . . . .	Number	 00000007h   
lightGreen . . . . . . . . . . .	Number	 0000000Ah   
lightMagenta . . . . . . . . . .	Number	 0000000Dh   
lightRed . . . . . . . . . . . .	Number	 0000000Ch   
magenta  . . . . . . . . . . . .	Number	 00000005h   
paredeChar . . . . . . . . . . .	Byte	 00000620 _DATA	
passos . . . . . . . . . . . . .	Byte	 0000064F _DATA	
posEscada  . . . . . . . . . . .	Word	 0000061D _DATA	
posHeroi . . . . . . . . . . . .	Word	 0000061A _DATA	
pos  . . . . . . . . . . . . . .	Word	 0000064D _DATA	
red  . . . . . . . . . . . . . .	Number	 00000004h   
strAttack  . . . . . . . . . . .	Byte	 00000637 _DATA	
strGold  . . . . . . . . . . . .	Byte	 00000641 _DATA	
strHealth  . . . . . . . . . . .	Byte	 0000062D _DATA	
strLevel . . . . . . . . . . . .	Byte	 00000624 _DATA	
telaAjuda  . . . . . . . . . . .	Byte	 00000E2E _DATA	
telaConfig . . . . . . . . . . .	Byte	 0000134F _DATA	
telaConqs  . . . . . . . . . . .	Byte	 0000090D _DATA	
telaMenu . . . . . . . . . . . .	Byte	 00000665 _DATA	
vazioChar  . . . . . . . . . . .	Byte	 00000621 _DATA	
white  . . . . . . . . . . . . .	Number	 0000000Fh   
wsprintf . . . . . . . . . . . .	Text   	 wsprintfA
xMax . . . . . . . . . . . . . .	Byte	 00000000 _DATA	
yMax . . . . . . . . . . . . . .	Byte	 00000001 _DATA	
yellow . . . . . . . . . . . . .	Number	 0000000Eh   

	   0 Warnings
	   0 Errors
